#
# There is insufficient memory for the Java Runtime Environment to continue.
# Native memory allocation (malloc) failed to allocate 726256 bytes. Error detail: Chunk::new
# Possible reasons:
#   The system is out of physical RAM or swap space
#   This process is running with CompressedOops enabled, and the Java Heap may be blocking the growth of the native heap
# Possible solutions:
#   Reduce memory load on the system
#   Increase physical memory or swap space
#   Check if swap backing store is full
#   Decrease Java heap size (-Xmx/-Xms)
#   Decrease number of Java threads
#   Decrease Java thread stack sizes (-Xss)
#   Set larger code cache with -XX:ReservedCodeCacheSize=
#   JVM is running with Unscaled Compressed Oops mode in which the Java heap is
#     placed in the first 4GB address space. The Java Heap base address is the
#     maximum limit for the native heap growth. Please use -XX:HeapBaseMinAddress
#     to set the Java Heap base and to place the Java Heap above 4GB virtual address.
# This output file may be truncated or incomplete.
#
#  Out of Memory Error (arena.cpp:191), pid=25536, tid=25252
#
# JRE version: OpenJDK Runtime Environment (17.0.11) (build 17.0.11+0--11852314)
# Java VM: OpenJDK 64-Bit Server VM (17.0.11+0--11852314, mixed mode, tiered, compressed oops, compressed class ptrs, g1 gc, windows-amd64)
# No core dump will be written. Minidumps are not enabled by default on client versions of Windows
#

---------------  S U M M A R Y ------------

Command Line: --add-opens=java.base/java.util=ALL-UNNAMED --add-opens=java.base/java.lang=ALL-UNNAMED --add-opens=java.base/java.lang.invoke=ALL-UNNAMED --add-opens=java.prefs/java.util.prefs=ALL-UNNAMED --add-opens=java.base/java.nio.charset=ALL-UNNAMED --add-opens=java.base/java.net=ALL-UNNAMED --add-opens=java.base/java.util.concurrent.atomic=ALL-UNNAMED -Xmx2048m -Dfile.encoding=UTF-8 -Duser.country=IN -Duser.language=en -Duser.variant -javaagent:C:\Users\harsh\.gradle\wrapper\dists\gradle-8.7-bin\bhs2wmbdwecv87pi65oeuq5iu\gradle-8.7\lib\agents\gradle-instrumentation-agent-8.7.jar org.gradle.launcher.daemon.bootstrap.GradleDaemon 8.7

Host: AMD Ryzen 5 5625U with Radeon Graphics         , 12 cores, 7G,  Windows 11 , 64 bit Build 22621 (10.0.22621.5415)
Time: Mon Dec 29 14:06:05 2025 India Standard Time elapsed time: 4931.364890 seconds (0d 1h 22m 11s)

---------------  T H R E A D  ---------------

Current thread (0x0000026bcc4c8b50):  JavaThread "C2 CompilerThread0" daemon [_thread_in_native, id=25252, stack(0x00000080c7b00000,0x00000080c7c00000)]


Current CompileTask:
C2:4931365 12992       4       org.gradle.api.internal.artifacts.ModuleComponentSelectorSerializer::read (50 bytes)

Stack: [0x00000080c7b00000,0x00000080c7c00000]
Native frames: (J=compiled Java code, j=interpreted, Vv=VM code, C=native code)
V  [jvm.dll+0x687bb9]
V  [jvm.dll+0x84142a]
V  [jvm.dll+0x8430ae]
V  [jvm.dll+0x843713]
V  [jvm.dll+0x24a35f]
V  [jvm.dll+0xac544]
V  [jvm.dll+0xacb8c]
V  [jvm.dll+0x2b194f]
V  [jvm.dll+0x58eba7]
V  [jvm.dll+0x2247e2]
V  [jvm.dll+0x21d6dd]
V  [jvm.dll+0x21b201]
V  [jvm.dll+0x1a63ed]
V  [jvm.dll+0x22b1ee]
V  [jvm.dll+0x229375]
V  [jvm.dll+0x7f5647]
V  [jvm.dll+0x7efa4a]
V  [jvm.dll+0x686a35]
C  [ucrtbase.dll+0x29333]
C  [KERNEL32.DLL+0x1259d]
C  [ntdll.dll+0x5af78]


---------------  P R O C E S S  ---------------

Threads class SMR info:
_java_thread_list=0x0000026bd1fd3130, length=47, elements={
0x0000026bb207c0d0, 0x0000026bcc4a3020, 0x0000026bcc4a3ea0, 0x0000026bcc35d070,
0x0000026bcc35def0, 0x0000026bcc35eab0, 0x0000026bcc4c7db0, 0x0000026bcc4c8b50,
0x0000026bcc4ccf10, 0x0000026bcc4d5920, 0x0000026bcc574600, 0x0000026bcc6c29f0,
0x0000026bd26f6660, 0x0000026bd25d45d0, 0x0000026bd25ffb20, 0x0000026bd2f628f0,
0x0000026bd2f65680, 0x0000026bd2f62e00, 0x0000026bd2f63820, 0x0000026bd2f64240,
0x0000026bd2f64c60, 0x0000026bd2f65170, 0x0000026bd2c43810, 0x0000026bd2c40060,
0x0000026bd2c428e0, 0x0000026bd2c40570, 0x0000026bd2c40a80, 0x0000026bd2c41ec0,
0x0000026bd2c42df0, 0x0000026bd2c43300, 0x0000026bd2c419b0, 0x0000026bd2c423d0,
0x0000026bd3c08720, 0x0000026bd3777040, 0x0000026bd3772e70, 0x0000026bd5ffe3b0,
0x0000026bd6001650, 0x0000026bd5ffdea0, 0x0000026bd6002580, 0x0000026bd5ffc550,
0x0000026bd6000c30, 0x0000026bd6000720, 0x0000026bd5fff2e0, 0x0000026bd5ffe8c0,
0x0000026bd6000210, 0x0000026bd5fffd00, 0x0000026bd5ffedd0
}

Java Threads: ( => current thread )
  0x0000026bb207c0d0 JavaThread "main" [_thread_blocked, id=24928, stack(0x00000080c6e00000,0x00000080c6f00000)]
  0x0000026bcc4a3020 JavaThread "Reference Handler" daemon [_thread_blocked, id=25732, stack(0x00000080c7500000,0x00000080c7600000)]
  0x0000026bcc4a3ea0 JavaThread "Finalizer" daemon [_thread_blocked, id=13472, stack(0x00000080c7600000,0x00000080c7700000)]
  0x0000026bcc35d070 JavaThread "Signal Dispatcher" daemon [_thread_blocked, id=27060, stack(0x00000080c7700000,0x00000080c7800000)]
  0x0000026bcc35def0 JavaThread "Attach Listener" daemon [_thread_blocked, id=11632, stack(0x00000080c7800000,0x00000080c7900000)]
  0x0000026bcc35eab0 JavaThread "Service Thread" daemon [_thread_blocked, id=9300, stack(0x00000080c7900000,0x00000080c7a00000)]
  0x0000026bcc4c7db0 JavaThread "Monitor Deflation Thread" daemon [_thread_blocked, id=4484, stack(0x00000080c7a00000,0x00000080c7b00000)]
=>0x0000026bcc4c8b50 JavaThread "C2 CompilerThread0" daemon [_thread_in_native, id=25252, stack(0x00000080c7b00000,0x00000080c7c00000)]
  0x0000026bcc4ccf10 JavaThread "C1 CompilerThread0" daemon [_thread_in_vm, id=20880, stack(0x00000080c7c00000,0x00000080c7d00000)]
  0x0000026bcc4d5920 JavaThread "Sweeper thread" daemon [_thread_blocked, id=12544, stack(0x00000080c7d00000,0x00000080c7e00000)]
  0x0000026bcc574600 JavaThread "Common-Cleaner" daemon [_thread_blocked, id=22676, stack(0x00000080c7e00000,0x00000080c7f00000)]
  0x0000026bcc6c29f0 JavaThread "Notification Thread" daemon [_thread_blocked, id=2396, stack(0x00000080c7f00000,0x00000080c8000000)]
  0x0000026bd26f6660 JavaThread "Daemon health stats" [_thread_blocked, id=25824, stack(0x00000080c8600000,0x00000080c8700000)]
  0x0000026bd25d45d0 JavaThread "Incoming local TCP Connector on port 59149" [_thread_in_native, id=14516, stack(0x00000080c8700000,0x00000080c8800000)]
  0x0000026bd25ffb20 JavaThread "Daemon periodic checks" [_thread_blocked, id=11120, stack(0x00000080c8800000,0x00000080c8900000)]
  0x0000026bd2f628f0 JavaThread "Cache worker for journal cache (C:\Users\harsh\.gradle\caches\journal-1)" [_thread_blocked, id=17880, stack(0x00000080c9700000,0x00000080c9800000)]
  0x0000026bd2f65680 JavaThread "File lock request listener" [_thread_in_native, id=9548, stack(0x00000080c9800000,0x00000080c9900000)]
  0x0000026bd2f62e00 JavaThread "Cache worker for file hash cache (C:\Users\harsh\.gradle\caches\8.7\fileHashes)" [_thread_blocked, id=14416, stack(0x00000080c9900000,0x00000080c9a00000)]
  0x0000026bd2f63820 JavaThread "File watcher server" daemon [_thread_in_native, id=27480, stack(0x00000080c9b00000,0x00000080c9c00000)]
  0x0000026bd2f64240 JavaThread "File watcher consumer" daemon [_thread_blocked, id=4552, stack(0x00000080c9c00000,0x00000080c9d00000)]
  0x0000026bd2f64c60 JavaThread "jar transforms" [_thread_blocked, id=21348, stack(0x00000080c9d00000,0x00000080c9e00000)]
  0x0000026bd2f65170 JavaThread "jar transforms Thread 2" [_thread_blocked, id=25944, stack(0x00000080c9e00000,0x00000080c9f00000)]
  0x0000026bd2c43810 JavaThread "jar transforms Thread 3" [_thread_blocked, id=27336, stack(0x00000080c9f00000,0x00000080ca000000)]
  0x0000026bd2c40060 JavaThread "jar transforms Thread 4" [_thread_blocked, id=20508, stack(0x00000080ca000000,0x00000080ca100000)]
  0x0000026bd2c428e0 JavaThread "jar transforms Thread 5" [_thread_blocked, id=23700, stack(0x00000080ca100000,0x00000080ca200000)]
  0x0000026bd2c40570 JavaThread "jar transforms Thread 6" [_thread_blocked, id=6736, stack(0x00000080ca200000,0x00000080ca300000)]
  0x0000026bd2c40a80 JavaThread "jar transforms Thread 7" [_thread_blocked, id=8640, stack(0x00000080ca300000,0x00000080ca400000)]
  0x0000026bd2c41ec0 JavaThread "jar transforms Thread 8" [_thread_blocked, id=17720, stack(0x00000080ca400000,0x00000080ca500000)]
  0x0000026bd2c42df0 JavaThread "jar transforms Thread 9" [_thread_blocked, id=3688, stack(0x00000080ca500000,0x00000080ca600000)]
  0x0000026bd2c43300 JavaThread "jar transforms Thread 10" [_thread_blocked, id=12352, stack(0x00000080ca600000,0x00000080ca700000)]
  0x0000026bd2c419b0 JavaThread "jar transforms Thread 11" [_thread_blocked, id=18504, stack(0x00000080ca700000,0x00000080ca800000)]
  0x0000026bd2c423d0 JavaThread "jar transforms Thread 12" [_thread_blocked, id=22152, stack(0x00000080ca800000,0x00000080ca900000)]
  0x0000026bd3c08720 JavaThread "Cache worker for file content cache (C:\Users\harsh\.gradle\caches\8.7\fileContent)" [_thread_blocked, id=14080, stack(0x00000080cad00000,0x00000080cae00000)]
  0x0000026bd3777040 JavaThread "Memory manager" [_thread_blocked, id=5896, stack(0x00000080ccf00000,0x00000080cd000000)]
  0x0000026bd3772e70 JavaThread "pool-3-thread-1" [_thread_blocked, id=19420, stack(0x00000080cd000000,0x00000080cd100000)]
  0x0000026bd5ffe3b0 JavaThread "Daemon Thread 2" [_thread_blocked, id=17816, stack(0x00000080c6b00000,0x00000080c6c00000)]
  0x0000026bd6001650 JavaThread "Handler for socket connection from /127.0.0.1:59149 to /127.0.0.1:57354" [_thread_in_native, id=20420, stack(0x00000080c6c00000,0x00000080c6d00000)]
  0x0000026bd5ffdea0 JavaThread "Cancel handler" [_thread_blocked, id=19404, stack(0x00000080c6d00000,0x00000080c6e00000)]
  0x0000026bd6002580 JavaThread "Daemon worker Thread 2" [_thread_in_vm, id=20184, stack(0x00000080c8100000,0x00000080c8200000)]
  0x0000026bd5ffc550 JavaThread "Asynchronous log dispatcher for DefaultDaemonConnection: socket connection from /127.0.0.1:59149 to /127.0.0.1:57354" [_thread_blocked, id=19692, stack(0x00000080c8900000,0x00000080c8a00000)]
  0x0000026bd6000c30 JavaThread "Stdin handler" [_thread_blocked, id=12160, stack(0x00000080c8a00000,0x00000080c8b00000)]
  0x0000026bd6000720 JavaThread "Daemon client event forwarder" [_thread_blocked, id=2288, stack(0x00000080c8b00000,0x00000080c8c00000)]
  0x0000026bd5fff2e0 JavaThread "Cache worker for file hash cache (C:\Users\harsh\AndroidStudioProjects\MyApplication\.gradle\8.7\fileHashes)" [_thread_blocked, id=8204, stack(0x00000080c8c00000,0x00000080c8d00000)]
  0x0000026bd5ffe8c0 JavaThread "Cache worker for checksums cache (C:\Users\harsh\AndroidStudioProjects\MyApplication\.gradle\8.7\checksums)" [_thread_blocked, id=13492, stack(0x00000080c8d00000,0x00000080c8e00000)]
  0x0000026bd6000210 JavaThread "Cache worker for cache directory md-supplier (C:\Users\harsh\.gradle\caches\8.7\md-supplier)" [_thread_blocked, id=19180, stack(0x00000080c8e00000,0x00000080c8f00000)]
  0x0000026bd5fffd00 JavaThread "Cache worker for cache directory md-rule (C:\Users\harsh\.gradle\caches\8.7\md-rule)" [_thread_blocked, id=14252, stack(0x00000080c8f00000,0x00000080c9000000)]
  0x0000026bd5ffedd0 JavaThread "Cache worker for Build Output Cleanup Cache (C:\Users\harsh\AndroidStudioProjects\MyApplication\.gradle\buildOutputCleanup)" [_thread_blocked, id=17764, stack(0x00000080c9a00000,0x00000080c9b00000)]

Other Threads:
  0x0000026bcc3465c0 VMThread "VM Thread" [stack: 0x00000080c7400000,0x00000080c7500000] [id=19768]
  0x0000026bb207cf50 WatcherThread [stack: 0x00000080c8000000,0x00000080c8100000] [id=8824]
  0x0000026bb20da260 GCTaskThread "GC Thread#0" [stack: 0x00000080c6f00000,0x00000080c7000000] [id=14916]
  0x0000026bd1e9d0e0 GCTaskThread "GC Thread#1" [stack: 0x00000080c8300000,0x00000080c8400000] [id=22404]
  0x0000026bd1540c50 GCTaskThread "GC Thread#2" [stack: 0x00000080c8400000,0x00000080c8500000] [id=18484]
  0x0000026bd22c40d0 GCTaskThread "GC Thread#3" [stack: 0x00000080c8500000,0x00000080c8600000] [id=26040]
  0x0000026bd1503cb0 GCTaskThread "GC Thread#4" [stack: 0x00000080c8200000,0x00000080c8300000] [id=14560]
  0x0000026bd2575920 GCTaskThread "GC Thread#5" [stack: 0x00000080c9000000,0x00000080c9100000] [id=24632]
  0x0000026bd3162950 GCTaskThread "GC Thread#6" [stack: 0x00000080c9100000,0x00000080c9200000] [id=20292]
  0x0000026bd350fe70 GCTaskThread "GC Thread#7" [stack: 0x00000080c9200000,0x00000080c9300000] [id=19280]
  0x0000026bd2a7c420 GCTaskThread "GC Thread#8" [stack: 0x00000080c9300000,0x00000080c9400000] [id=26992]
  0x0000026bd30f7840 GCTaskThread "GC Thread#9" [stack: 0x00000080c9400000,0x00000080c9500000] [id=9000]
  0x0000026bb20eb1b0 ConcurrentGCThread "G1 Main Marker" [stack: 0x00000080c7000000,0x00000080c7100000] [id=26744]
  0x0000026bb20ebbd0 ConcurrentGCThread "G1 Conc#0" [stack: 0x00000080c7100000,0x00000080c7200000] [id=15048]
  0x0000026bd365f340 ConcurrentGCThread "G1 Conc#1" [stack: 0x00000080c9500000,0x00000080c9600000] [id=17980]
  0x0000026bd2e57dd0 ConcurrentGCThread "G1 Conc#2" [stack: 0x00000080c9600000,0x00000080c9700000] [id=10116]
  0x0000026bcc19a500 ConcurrentGCThread "G1 Refine#0" [stack: 0x00000080c7200000,0x00000080c7300000] [id=18496]
  0x0000026bd43a1bb0 ConcurrentGCThread "G1 Refine#1" [stack: 0x00000080ca900000,0x00000080caa00000] [id=16584]
  0x0000026bcc19af30 ConcurrentGCThread "G1 Service" [stack: 0x00000080c7300000,0x00000080c7400000] [id=26068]

Threads with active compile tasks:
C2 CompilerThread0  4931463 12992       4       org.gradle.api.internal.artifacts.ModuleComponentSelectorSerializer::read (50 bytes)

VM state: not at safepoint (normal execution)

VM Mutex/Monitor currently owned by a thread: None

Heap address: 0x0000000080000000, size: 2048 MB, Compressed Oops mode: 32-bit

CDS archive(s) not mapped
Compressed class space mapped at: 0x0000000100000000-0x0000000140000000, reserved size: 1073741824
Narrow klass base: 0x0000000000000000, Narrow klass shift: 3, Narrow klass range: 0x140000000

GC Precious Log:
 CPUs: 12 total, 12 available
 Memory: 7520M
 Large Page Support: Disabled
 NUMA Support: Disabled
 Compressed Oops: Enabled (32-bit)
 Heap Region Size: 1M
 Heap Min Capacity: 8M
 Heap Initial Capacity: 118M
 Heap Max Capacity: 2G
 Pre-touch: Disabled
 Parallel Workers: 10
 Concurrent Workers: 3
 Concurrent Refinement Workers: 10
 Periodic GC: Disabled

Heap:
 garbage-first heap   total 260096K, used 208068K [0x0000000080000000, 0x0000000100000000)
  region size 1024K, 40 young (40960K), 3 survivors (3072K)
 Metaspace       used 118762K, committed 119744K, reserved 1179648K
  class space    used 15688K, committed 16192K, reserved 1048576K

Heap Regions: E=young(eden), S=young(survivor), O=old, HS=humongous(starts), HC=humongous(continues), CS=collection set, F=free, OA=open archive, CA=closed archive, TAMS=top-at-mark-start (previous, next)
|   0|0x0000000080000000, 0x0000000080100000, 0x0000000080100000|100%|HS|  |TAMS 0x0000000080100000, 0x0000000080000000| Complete 
|   1|0x0000000080100000, 0x0000000080200000, 0x0000000080200000|100%|HC|  |TAMS 0x0000000080200000, 0x0000000080100000| Complete 
|   2|0x0000000080200000, 0x0000000080300000, 0x0000000080300000|100%|HC|  |TAMS 0x0000000080300000, 0x0000000080200000| Complete 
|   3|0x0000000080300000, 0x0000000080400000, 0x0000000080400000|100%|HC|  |TAMS 0x0000000080400000, 0x0000000080300000| Complete 
|   4|0x0000000080400000, 0x0000000080500000, 0x0000000080500000|100%| O|  |TAMS 0x0000000080500000, 0x0000000080400000| Untracked 
|   5|0x0000000080500000, 0x0000000080600000, 0x0000000080600000|100%| O|  |TAMS 0x0000000080600000, 0x0000000080500000| Untracked 
|   6|0x0000000080600000, 0x0000000080700000, 0x0000000080700000|100%| O|  |TAMS 0x0000000080700000, 0x0000000080600000| Untracked 
|   7|0x0000000080700000, 0x0000000080800000, 0x0000000080800000|100%| O|  |TAMS 0x0000000080800000, 0x0000000080700000| Untracked 
|   8|0x0000000080800000, 0x0000000080900000, 0x0000000080900000|100%| O|  |TAMS 0x0000000080900000, 0x0000000080800000| Untracked 
|   9|0x0000000080900000, 0x0000000080a00000, 0x0000000080a00000|100%| O|  |TAMS 0x0000000080a00000, 0x0000000080900000| Untracked 
|  10|0x0000000080a00000, 0x0000000080b00000, 0x0000000080b00000|100%| O|  |TAMS 0x0000000080b00000, 0x0000000080a00000| Untracked 
|  11|0x0000000080b00000, 0x0000000080c00000, 0x0000000080c00000|100%| O|  |TAMS 0x0000000080c00000, 0x0000000080b00000| Untracked 
|  12|0x0000000080c00000, 0x0000000080d00000, 0x0000000080d00000|100%| O|  |TAMS 0x0000000080d00000, 0x0000000080c00000| Untracked 
|  13|0x0000000080d00000, 0x0000000080e00000, 0x0000000080e00000|100%| O|  |TAMS 0x0000000080e00000, 0x0000000080d00000| Untracked 
|  14|0x0000000080e00000, 0x0000000080f00000, 0x0000000080f00000|100%| O|  |TAMS 0x0000000080f00000, 0x0000000080e00000| Untracked 
|  15|0x0000000080f00000, 0x0000000081000000, 0x0000000081000000|100%| O|  |TAMS 0x0000000081000000, 0x0000000080f00000| Untracked 
|  16|0x0000000081000000, 0x0000000081100000, 0x0000000081100000|100%| O|  |TAMS 0x0000000081100000, 0x0000000081000000| Untracked 
|  17|0x0000000081100000, 0x0000000081200000, 0x0000000081200000|100%| O|  |TAMS 0x0000000081200000, 0x0000000081100000| Untracked 
|  18|0x0000000081200000, 0x0000000081300000, 0x0000000081300000|100%| O|  |TAMS 0x0000000081300000, 0x0000000081200000| Untracked 
|  19|0x0000000081300000, 0x0000000081400000, 0x0000000081400000|100%| O|  |TAMS 0x0000000081400000, 0x0000000081300000| Untracked 
|  20|0x0000000081400000, 0x0000000081500000, 0x0000000081500000|100%| O|  |TAMS 0x0000000081500000, 0x0000000081400000| Untracked 
|  21|0x0000000081500000, 0x0000000081600000, 0x0000000081600000|100%|HS|  |TAMS 0x0000000081500000, 0x0000000081500000| Complete 
|  22|0x0000000081600000, 0x0000000081700000, 0x0000000081700000|100%|HS|  |TAMS 0x0000000081700000, 0x0000000081600000| Complete 
|  23|0x0000000081700000, 0x0000000081800000, 0x0000000081800000|100%|HC|  |TAMS 0x0000000081800000, 0x0000000081700000| Complete 
|  24|0x0000000081800000, 0x0000000081900000, 0x0000000081900000|100%|HC|  |TAMS 0x0000000081900000, 0x0000000081800000| Complete 
|  25|0x0000000081900000, 0x0000000081a00000, 0x0000000081a00000|100%|HC|  |TAMS 0x0000000081a00000, 0x0000000081900000| Complete 
|  26|0x0000000081a00000, 0x0000000081b00000, 0x0000000081b00000|100%|HC|  |TAMS 0x0000000081b00000, 0x0000000081a00000| Complete 
|  27|0x0000000081b00000, 0x0000000081c00000, 0x0000000081c00000|100%|HS|  |TAMS 0x0000000081c00000, 0x0000000081b00000| Complete 
|  28|0x0000000081c00000, 0x0000000081d00000, 0x0000000081d00000|100%|HC|  |TAMS 0x0000000081d00000, 0x0000000081c00000| Complete 
|  29|0x0000000081d00000, 0x0000000081e00000, 0x0000000081e00000|100%|HC|  |TAMS 0x0000000081e00000, 0x0000000081d00000| Complete 
|  30|0x0000000081e00000, 0x0000000081f00000, 0x0000000081f00000|100%|HS|  |TAMS 0x0000000081f00000, 0x0000000081e00000| Complete 
|  31|0x0000000081f00000, 0x0000000082000000, 0x0000000082000000|100%|HC|  |TAMS 0x0000000082000000, 0x0000000081f00000| Complete 
|  32|0x0000000082000000, 0x0000000082100000, 0x0000000082100000|100%|HC|  |TAMS 0x0000000082100000, 0x0000000082000000| Complete 
|  33|0x0000000082100000, 0x0000000082200000, 0x0000000082200000|100%| O|  |TAMS 0x0000000082200000, 0x0000000082100000| Untracked 
|  34|0x0000000082200000, 0x0000000082300000, 0x0000000082300000|100%| O|  |TAMS 0x0000000082300000, 0x0000000082200000| Untracked 
|  35|0x0000000082300000, 0x0000000082400000, 0x0000000082400000|100%| O|  |TAMS 0x0000000082400000, 0x0000000082300000| Untracked 
|  36|0x0000000082400000, 0x0000000082500000, 0x0000000082500000|100%| O|  |TAMS 0x0000000082500000, 0x0000000082400000| Untracked 
|  37|0x0000000082500000, 0x0000000082600000, 0x0000000082600000|100%|HS|  |TAMS 0x0000000082600000, 0x0000000082500000| Complete 
|  38|0x0000000082600000, 0x0000000082700000, 0x0000000082700000|100%| O|  |TAMS 0x0000000082700000, 0x0000000082600000| Untracked 
|  39|0x0000000082700000, 0x0000000082800000, 0x0000000082800000|100%| O|  |TAMS 0x0000000082800000, 0x0000000082700000| Untracked 
|  40|0x0000000082800000, 0x0000000082900000, 0x0000000082900000|100%| O|  |TAMS 0x0000000082900000, 0x0000000082800000| Untracked 
|  41|0x0000000082900000, 0x0000000082a00000, 0x0000000082a00000|100%|HS|  |TAMS 0x0000000082a00000, 0x0000000082900000| Complete 
|  42|0x0000000082a00000, 0x0000000082b00000, 0x0000000082b00000|100%| O|  |TAMS 0x0000000082b00000, 0x0000000082a00000| Untracked 
|  43|0x0000000082b00000, 0x0000000082c00000, 0x0000000082c00000|100%| O|  |TAMS 0x0000000082c00000, 0x0000000082b00000| Untracked 
|  44|0x0000000082c00000, 0x0000000082d00000, 0x0000000082d00000|100%| O|  |TAMS 0x0000000082d00000, 0x0000000082c00000| Untracked 
|  45|0x0000000082d00000, 0x0000000082e00000, 0x0000000082e00000|100%| O|  |TAMS 0x0000000082e00000, 0x0000000082d00000| Untracked 
|  46|0x0000000082e00000, 0x0000000082f00000, 0x0000000082f00000|100%| O|  |TAMS 0x0000000082f00000, 0x0000000082e00000| Untracked 
|  47|0x0000000082f00000, 0x0000000083000000, 0x0000000083000000|100%| O|  |TAMS 0x0000000083000000, 0x0000000082f00000| Untracked 
|  48|0x0000000083000000, 0x0000000083100000, 0x0000000083100000|100%|HS|  |TAMS 0x0000000083100000, 0x0000000083000000| Complete 
|  49|0x0000000083100000, 0x0000000083200000, 0x0000000083200000|100%|HC|  |TAMS 0x0000000083200000, 0x0000000083100000| Complete 
|  50|0x0000000083200000, 0x0000000083300000, 0x0000000083300000|100%|HC|  |TAMS 0x0000000083300000, 0x0000000083200000| Complete 
|  51|0x0000000083300000, 0x0000000083400000, 0x0000000083400000|100%|HS|  |TAMS 0x0000000083400000, 0x0000000083300000| Complete 
|  52|0x0000000083400000, 0x0000000083500000, 0x0000000083500000|100%|HC|  |TAMS 0x0000000083500000, 0x0000000083400000| Complete 
|  53|0x0000000083500000, 0x0000000083600000, 0x0000000083600000|100%|HC|  |TAMS 0x0000000083600000, 0x0000000083500000| Complete 
|  54|0x0000000083600000, 0x0000000083700000, 0x0000000083700000|100%|HC|  |TAMS 0x0000000083700000, 0x0000000083600000| Complete 
|  55|0x0000000083700000, 0x0000000083800000, 0x0000000083800000|100%|HC|  |TAMS 0x0000000083800000, 0x0000000083700000| Complete 
|  56|0x0000000083800000, 0x0000000083900000, 0x0000000083900000|100%| O|  |TAMS 0x0000000083900000, 0x0000000083800000| Untracked 
|  57|0x0000000083900000, 0x0000000083a00000, 0x0000000083a00000|100%| O|  |TAMS 0x0000000083a00000, 0x0000000083900000| Untracked 
|  58|0x0000000083a00000, 0x0000000083b00000, 0x0000000083b00000|100%|HS|  |TAMS 0x0000000083b00000, 0x0000000083a00000| Complete 
|  59|0x0000000083b00000, 0x0000000083c00000, 0x0000000083c00000|100%|HC|  |TAMS 0x0000000083c00000, 0x0000000083b00000| Complete 
|  60|0x0000000083c00000, 0x0000000083d00000, 0x0000000083d00000|100%|HC|  |TAMS 0x0000000083d00000, 0x0000000083c00000| Complete 
|  61|0x0000000083d00000, 0x0000000083e00000, 0x0000000083e00000|100%|HC|  |TAMS 0x0000000083e00000, 0x0000000083d00000| Complete 
|  62|0x0000000083e00000, 0x0000000083f00000, 0x0000000083f00000|100%|HC|  |TAMS 0x0000000083f00000, 0x0000000083e00000| Complete 
|  63|0x0000000083f00000, 0x0000000084000000, 0x0000000084000000|100%| O|  |TAMS 0x0000000084000000, 0x0000000083f00000| Untracked 
|  64|0x0000000084000000, 0x0000000084100000, 0x0000000084100000|100%| O|  |TAMS 0x0000000084100000, 0x0000000084000000| Untracked 
|  65|0x0000000084100000, 0x0000000084200000, 0x0000000084200000|100%| O|  |TAMS 0x0000000084200000, 0x0000000084100000| Untracked 
|  66|0x0000000084200000, 0x0000000084300000, 0x0000000084300000|100%| O|  |TAMS 0x0000000084300000, 0x0000000084200000| Untracked 
|  67|0x0000000084300000, 0x0000000084400000, 0x0000000084400000|100%| O|  |TAMS 0x0000000084400000, 0x0000000084300000| Untracked 
|  68|0x0000000084400000, 0x0000000084500000, 0x0000000084500000|100%| O|  |TAMS 0x0000000084500000, 0x0000000084400000| Untracked 
|  69|0x0000000084500000, 0x0000000084600000, 0x0000000084600000|100%| O|  |TAMS 0x0000000084600000, 0x0000000084500000| Untracked 
|  70|0x0000000084600000, 0x0000000084700000, 0x0000000084700000|100%| O|  |TAMS 0x0000000084700000, 0x0000000084600000| Untracked 
|  71|0x0000000084700000, 0x0000000084800000, 0x0000000084800000|100%| O|  |TAMS 0x0000000084800000, 0x0000000084700000| Untracked 
|  72|0x0000000084800000, 0x0000000084900000, 0x0000000084900000|100%| O|  |TAMS 0x0000000084900000, 0x0000000084800000| Untracked 
|  73|0x0000000084900000, 0x0000000084a00000, 0x0000000084a00000|100%| O|  |TAMS 0x0000000084a00000, 0x0000000084900000| Untracked 
|  74|0x0000000084a00000, 0x0000000084b00000, 0x0000000084b00000|100%|HS|  |TAMS 0x0000000084b00000, 0x0000000084a00000| Complete 
|  75|0x0000000084b00000, 0x0000000084c00000, 0x0000000084c00000|100%|HS|  |TAMS 0x0000000084c00000, 0x0000000084b00000| Complete 
|  76|0x0000000084c00000, 0x0000000084d00000, 0x0000000084d00000|100%|HS|  |TAMS 0x0000000084d00000, 0x0000000084c00000| Complete 
|  77|0x0000000084d00000, 0x0000000084e00000, 0x0000000084e00000|100%|HS|  |TAMS 0x0000000084e00000, 0x0000000084d00000| Complete 
|  78|0x0000000084e00000, 0x0000000084f00000, 0x0000000084f00000|100%| O|  |TAMS 0x0000000084f00000, 0x0000000084e00000| Untracked 
|  79|0x0000000084f00000, 0x0000000085000000, 0x0000000085000000|100%|HS|  |TAMS 0x0000000085000000, 0x0000000084f00000| Complete 
|  80|0x0000000085000000, 0x0000000085100000, 0x0000000085100000|100%| O|  |TAMS 0x0000000085000000, 0x0000000085000000| Untracked 
|  81|0x0000000085100000, 0x0000000085200000, 0x0000000085200000|100%| O|  |TAMS 0x0000000085200000, 0x0000000085100000| Untracked 
|  82|0x0000000085200000, 0x0000000085300000, 0x0000000085300000|100%| O|  |TAMS 0x0000000085200000, 0x0000000085200000| Untracked 
|  83|0x0000000085300000, 0x0000000085400000, 0x0000000085400000|100%| O|  |TAMS 0x0000000085400000, 0x0000000085300000| Untracked 
|  84|0x0000000085400000, 0x0000000085500000, 0x0000000085500000|100%| O|  |TAMS 0x0000000085500000, 0x0000000085400000| Untracked 
|  85|0x0000000085500000, 0x0000000085600000, 0x0000000085600000|100%| O|  |TAMS 0x0000000085600000, 0x0000000085500000| Untracked 
|  86|0x0000000085600000, 0x0000000085700000, 0x0000000085700000|100%| O|  |TAMS 0x0000000085700000, 0x0000000085600000| Untracked 
|  87|0x0000000085700000, 0x0000000085800000, 0x0000000085800000|100%| O|  |TAMS 0x0000000085800000, 0x0000000085700000| Untracked 
|  88|0x0000000085800000, 0x0000000085900000, 0x0000000085900000|100%| O|  |TAMS 0x0000000085900000, 0x0000000085800000| Untracked 
|  89|0x0000000085900000, 0x0000000085a00000, 0x0000000085a00000|100%| O|  |TAMS 0x0000000085a00000, 0x0000000085900000| Untracked 
|  90|0x0000000085a00000, 0x0000000085b00000, 0x0000000085b00000|100%| O|  |TAMS 0x0000000085b00000, 0x0000000085a00000| Untracked 
|  91|0x0000000085b00000, 0x0000000085c00000, 0x0000000085c00000|100%| O|  |TAMS 0x0000000085c00000, 0x0000000085b00000| Untracked 
|  92|0x0000000085c00000, 0x0000000085d00000, 0x0000000085d00000|100%| O|  |TAMS 0x0000000085d00000, 0x0000000085c00000| Untracked 
|  93|0x0000000085d00000, 0x0000000085e00000, 0x0000000085e00000|100%| O|  |TAMS 0x0000000085e00000, 0x0000000085d00000| Untracked 
|  94|0x0000000085e00000, 0x0000000085f00000, 0x0000000085f00000|100%|HS|  |TAMS 0x0000000085f00000, 0x0000000085e00000| Complete 
|  95|0x0000000085f00000, 0x0000000086000000, 0x0000000086000000|100%| O|  |TAMS 0x0000000085fa2200, 0x0000000085f00000| Untracked 
|  96|0x0000000086000000, 0x0000000086100000, 0x0000000086100000|100%|HS|  |TAMS 0x0000000086000000, 0x0000000086000000| Complete 
|  97|0x0000000086100000, 0x0000000086200000, 0x0000000086200000|100%|HC|  |TAMS 0x0000000086100000, 0x0000000086100000| Complete 
|  98|0x0000000086200000, 0x0000000086300000, 0x0000000086300000|100%|HC|  |TAMS 0x0000000086200000, 0x0000000086200000| Complete 
|  99|0x0000000086300000, 0x0000000086400000, 0x0000000086400000|100%| O|  |TAMS 0x0000000086300000, 0x0000000086300000| Untracked 
| 100|0x0000000086400000, 0x0000000086500000, 0x0000000086500000|100%|HS|  |TAMS 0x0000000086500000, 0x0000000086400000| Complete 
| 101|0x0000000086500000, 0x0000000086600000, 0x0000000086600000|100%|HC|  |TAMS 0x0000000086600000, 0x0000000086500000| Complete 
| 102|0x0000000086600000, 0x0000000086700000, 0x0000000086700000|100%|HC|  |TAMS 0x0000000086700000, 0x0000000086600000| Complete 
| 103|0x0000000086700000, 0x0000000086800000, 0x0000000086800000|100%|HC|  |TAMS 0x0000000086800000, 0x0000000086700000| Complete 
| 104|0x0000000086800000, 0x0000000086900000, 0x0000000086900000|100%|HC|  |TAMS 0x0000000086900000, 0x0000000086800000| Complete 
| 105|0x0000000086900000, 0x0000000086a00000, 0x0000000086a00000|100%| O|  |TAMS 0x0000000086900000, 0x0000000086900000| Untracked 
| 106|0x0000000086a00000, 0x0000000086b00000, 0x0000000086b00000|100%| O|  |TAMS 0x0000000086a00000, 0x0000000086a00000| Untracked 
| 107|0x0000000086b00000, 0x0000000086c00000, 0x0000000086c00000|100%| O|  |TAMS 0x0000000086b00000, 0x0000000086b00000| Untracked 
| 108|0x0000000086c00000, 0x0000000086d00000, 0x0000000086d00000|100%| O|  |TAMS 0x0000000086c00000, 0x0000000086c00000| Untracked 
| 109|0x0000000086d00000, 0x0000000086e00000, 0x0000000086e00000|100%| O|  |TAMS 0x0000000086d00000, 0x0000000086d00000| Untracked 
| 110|0x0000000086e00000, 0x0000000086f00000, 0x0000000086f00000|100%| O|  |TAMS 0x0000000086e00000, 0x0000000086e00000| Untracked 
| 111|0x0000000086f00000, 0x0000000087000000, 0x0000000087000000|100%| O|  |TAMS 0x0000000086f00000, 0x0000000086f00000| Untracked 
| 112|0x0000000087000000, 0x0000000087100000, 0x0000000087100000|100%|HS|  |TAMS 0x0000000087000000, 0x0000000087000000| Complete 
| 113|0x0000000087100000, 0x0000000087200000, 0x0000000087200000|100%|HC|  |TAMS 0x0000000087100000, 0x0000000087100000| Complete 
| 114|0x0000000087200000, 0x0000000087300000, 0x0000000087300000|100%|HC|  |TAMS 0x0000000087200000, 0x0000000087200000| Complete 
| 115|0x0000000087300000, 0x0000000087400000, 0x0000000087400000|100%|HS|  |TAMS 0x0000000087300000, 0x0000000087300000| Complete 
| 116|0x0000000087400000, 0x0000000087500000, 0x0000000087500000|100%|HC|  |TAMS 0x0000000087400000, 0x0000000087400000| Complete 
| 117|0x0000000087500000, 0x0000000087600000, 0x0000000087600000|100%|HC|  |TAMS 0x0000000087500000, 0x0000000087500000| Complete 
| 118|0x0000000087600000, 0x0000000087700000, 0x0000000087700000|100%| O|  |TAMS 0x0000000087600000, 0x0000000087600000| Untracked 
| 119|0x0000000087700000, 0x0000000087800000, 0x0000000087800000|100%| O|  |TAMS 0x0000000087700000, 0x0000000087700000| Untracked 
| 120|0x0000000087800000, 0x0000000087900000, 0x0000000087900000|100%| O|  |TAMS 0x0000000087800000, 0x0000000087800000| Untracked 
| 121|0x0000000087900000, 0x0000000087a00000, 0x0000000087a00000|100%| O|  |TAMS 0x0000000087900000, 0x0000000087900000| Untracked 
| 122|0x0000000087a00000, 0x0000000087b00000, 0x0000000087b00000|100%| O|  |TAMS 0x0000000087a00000, 0x0000000087a00000| Untracked 
| 123|0x0000000087b00000, 0x0000000087c00000, 0x0000000087c00000|100%| O|  |TAMS 0x0000000087b00000, 0x0000000087b00000| Untracked 
| 124|0x0000000087c00000, 0x0000000087d00000, 0x0000000087d00000|100%| O|  |TAMS 0x0000000087c00000, 0x0000000087c00000| Untracked 
| 125|0x0000000087d00000, 0x0000000087e00000, 0x0000000087e00000|100%| O|  |TAMS 0x0000000087d00000, 0x0000000087d00000| Untracked 
| 126|0x0000000087e00000, 0x0000000087f00000, 0x0000000087f00000|100%| O|  |TAMS 0x0000000087e00000, 0x0000000087e00000| Untracked 
| 127|0x0000000087f00000, 0x0000000088000000, 0x0000000088000000|100%| O|  |TAMS 0x0000000087f00000, 0x0000000087f00000| Untracked 
| 128|0x0000000088000000, 0x0000000088100000, 0x0000000088100000|100%| O|  |TAMS 0x0000000088000000, 0x0000000088000000| Untracked 
| 129|0x0000000088100000, 0x0000000088200000, 0x0000000088200000|100%| O|  |TAMS 0x0000000088100000, 0x0000000088100000| Untracked 
| 130|0x0000000088200000, 0x0000000088300000, 0x0000000088300000|100%| O|  |TAMS 0x0000000088200000, 0x0000000088200000| Untracked 
| 131|0x0000000088300000, 0x0000000088400000, 0x0000000088400000|100%| O|  |TAMS 0x0000000088300000, 0x0000000088300000| Untracked 
| 132|0x0000000088400000, 0x0000000088500000, 0x0000000088500000|100%| O|  |TAMS 0x0000000088400000, 0x0000000088400000| Untracked 
| 133|0x0000000088500000, 0x0000000088600000, 0x0000000088600000|100%| O|  |TAMS 0x0000000088500000, 0x0000000088500000| Untracked 
| 134|0x0000000088600000, 0x0000000088700000, 0x0000000088700000|100%| O|  |TAMS 0x0000000088600000, 0x0000000088600000| Untracked 
| 135|0x0000000088700000, 0x0000000088800000, 0x0000000088800000|100%| O|  |TAMS 0x0000000088700000, 0x0000000088700000| Untracked 
| 136|0x0000000088800000, 0x0000000088900000, 0x0000000088900000|100%| O|  |TAMS 0x0000000088800000, 0x0000000088800000| Untracked 
| 137|0x0000000088900000, 0x0000000088a00000, 0x0000000088a00000|100%| O|  |TAMS 0x0000000088900000, 0x0000000088900000| Untracked 
| 138|0x0000000088a00000, 0x0000000088b00000, 0x0000000088b00000|100%| O|  |TAMS 0x0000000088a00000, 0x0000000088a00000| Untracked 
| 139|0x0000000088b00000, 0x0000000088c00000, 0x0000000088c00000|100%| O|  |TAMS 0x0000000088b00000, 0x0000000088b00000| Untracked 
| 140|0x0000000088c00000, 0x0000000088d00000, 0x0000000088d00000|100%| O|  |TAMS 0x0000000088c00000, 0x0000000088c00000| Untracked 
| 141|0x0000000088d00000, 0x0000000088e00000, 0x0000000088e00000|100%| O|  |TAMS 0x0000000088d00000, 0x0000000088d00000| Untracked 
| 142|0x0000000088e00000, 0x0000000088f00000, 0x0000000088f00000|100%| O|  |TAMS 0x0000000088e00000, 0x0000000088e00000| Untracked 
| 143|0x0000000088f00000, 0x0000000089000000, 0x0000000089000000|100%| O|  |TAMS 0x0000000088f00000, 0x0000000088f00000| Untracked 
| 144|0x0000000089000000, 0x0000000089100000, 0x0000000089100000|100%| O|  |TAMS 0x0000000089000000, 0x0000000089000000| Untracked 
| 145|0x0000000089100000, 0x0000000089200000, 0x0000000089200000|100%| O|  |TAMS 0x0000000089100000, 0x0000000089100000| Untracked 
| 146|0x0000000089200000, 0x0000000089300000, 0x0000000089300000|100%| O|  |TAMS 0x0000000089200000, 0x0000000089200000| Untracked 
| 147|0x0000000089300000, 0x0000000089400000, 0x0000000089400000|100%| O|  |TAMS 0x0000000089300000, 0x0000000089300000| Untracked 
| 148|0x0000000089400000, 0x0000000089500000, 0x0000000089500000|100%| O|  |TAMS 0x0000000089400000, 0x0000000089400000| Untracked 
| 149|0x0000000089500000, 0x0000000089600000, 0x0000000089600000|100%| O|  |TAMS 0x0000000089500000, 0x0000000089500000| Untracked 
| 150|0x0000000089600000, 0x0000000089700000, 0x0000000089700000|100%| O|  |TAMS 0x0000000089600000, 0x0000000089600000| Untracked 
| 151|0x0000000089700000, 0x0000000089800000, 0x0000000089800000|100%| O|  |TAMS 0x0000000089700000, 0x0000000089700000| Untracked 
| 152|0x0000000089800000, 0x0000000089900000, 0x0000000089900000|100%| O|  |TAMS 0x0000000089800000, 0x0000000089800000| Untracked 
| 153|0x0000000089900000, 0x0000000089a00000, 0x0000000089a00000|100%| O|  |TAMS 0x0000000089900000, 0x0000000089900000| Untracked 
| 154|0x0000000089a00000, 0x0000000089b00000, 0x0000000089b00000|100%| O|  |TAMS 0x0000000089a00000, 0x0000000089a00000| Untracked 
| 155|0x0000000089b00000, 0x0000000089c00000, 0x0000000089c00000|100%| O|  |TAMS 0x0000000089b00000, 0x0000000089b00000| Untracked 
| 156|0x0000000089c00000, 0x0000000089d00000, 0x0000000089d00000|100%| O|  |TAMS 0x0000000089c00000, 0x0000000089c00000| Untracked 
| 157|0x0000000089d00000, 0x0000000089e00000, 0x0000000089e00000|100%| O|  |TAMS 0x0000000089d00000, 0x0000000089d00000| Untracked 
| 158|0x0000000089e00000, 0x0000000089f00000, 0x0000000089f00000|100%| O|  |TAMS 0x0000000089e00000, 0x0000000089e00000| Untracked 
| 159|0x0000000089f00000, 0x000000008a000000, 0x000000008a000000|100%| O|  |TAMS 0x0000000089f00000, 0x0000000089f00000| Untracked 
| 160|0x000000008a000000, 0x000000008a100000, 0x000000008a100000|100%| O|  |TAMS 0x000000008a000000, 0x000000008a000000| Untracked 
| 161|0x000000008a100000, 0x000000008a200000, 0x000000008a200000|100%| O|  |TAMS 0x000000008a100000, 0x000000008a100000| Untracked 
| 162|0x000000008a200000, 0x000000008a300000, 0x000000008a300000|100%| O|  |TAMS 0x000000008a200000, 0x000000008a200000| Untracked 
| 163|0x000000008a300000, 0x000000008a400000, 0x000000008a400000|100%| O|  |TAMS 0x000000008a300000, 0x000000008a300000| Untracked 
| 164|0x000000008a400000, 0x000000008a45c800, 0x000000008a500000| 36%| O|  |TAMS 0x000000008a400000, 0x000000008a400000| Untracked 
| 165|0x000000008a500000, 0x000000008a500000, 0x000000008a600000|  0%| F|  |TAMS 0x000000008a500000, 0x000000008a500000| Untracked 
| 166|0x000000008a600000, 0x000000008a600000, 0x000000008a700000|  0%| F|  |TAMS 0x000000008a600000, 0x000000008a600000| Untracked 
| 167|0x000000008a700000, 0x000000008a700000, 0x000000008a800000|  0%| F|  |TAMS 0x000000008a700000, 0x000000008a700000| Untracked 
| 168|0x000000008a800000, 0x000000008a800000, 0x000000008a900000|  0%| F|  |TAMS 0x000000008a800000, 0x000000008a800000| Untracked 
| 169|0x000000008a900000, 0x000000008a900000, 0x000000008aa00000|  0%| F|  |TAMS 0x000000008a900000, 0x000000008a900000| Untracked 
| 170|0x000000008aa00000, 0x000000008aa00000, 0x000000008ab00000|  0%| F|  |TAMS 0x000000008aa00000, 0x000000008aa00000| Untracked 
| 171|0x000000008ab00000, 0x000000008ab00000, 0x000000008ac00000|  0%| F|  |TAMS 0x000000008ab00000, 0x000000008ab00000| Untracked 
| 172|0x000000008ac00000, 0x000000008ac00000, 0x000000008ad00000|  0%| F|  |TAMS 0x000000008ac00000, 0x000000008ac00000| Untracked 
| 173|0x000000008ad00000, 0x000000008ad00000, 0x000000008ae00000|  0%| F|  |TAMS 0x000000008ad00000, 0x000000008ad00000| Untracked 
| 174|0x000000008ae00000, 0x000000008ae00000, 0x000000008af00000|  0%| F|  |TAMS 0x000000008ae00000, 0x000000008ae00000| Untracked 
| 175|0x000000008af00000, 0x000000008af00000, 0x000000008b000000|  0%| F|  |TAMS 0x000000008af00000, 0x000000008af00000| Untracked 
| 176|0x000000008b000000, 0x000000008b000000, 0x000000008b100000|  0%| F|  |TAMS 0x000000008b000000, 0x000000008b000000| Untracked 
| 177|0x000000008b100000, 0x000000008b100000, 0x000000008b200000|  0%| F|  |TAMS 0x000000008b100000, 0x000000008b100000| Untracked 
| 178|0x000000008b200000, 0x000000008b200000, 0x000000008b300000|  0%| F|  |TAMS 0x000000008b200000, 0x000000008b200000| Untracked 
| 179|0x000000008b300000, 0x000000008b300000, 0x000000008b400000|  0%| F|  |TAMS 0x000000008b300000, 0x000000008b300000| Untracked 
| 180|0x000000008b400000, 0x000000008b400000, 0x000000008b500000|  0%| F|  |TAMS 0x000000008b400000, 0x000000008b400000| Untracked 
| 181|0x000000008b500000, 0x000000008b500000, 0x000000008b600000|  0%| F|  |TAMS 0x000000008b500000, 0x000000008b500000| Untracked 
| 182|0x000000008b600000, 0x000000008b600000, 0x000000008b700000|  0%| F|  |TAMS 0x000000008b600000, 0x000000008b600000| Untracked 
| 183|0x000000008b700000, 0x000000008b700000, 0x000000008b800000|  0%| F|  |TAMS 0x000000008b700000, 0x000000008b700000| Untracked 
| 184|0x000000008b800000, 0x000000008b800000, 0x000000008b900000|  0%| F|  |TAMS 0x000000008b800000, 0x000000008b800000| Untracked 
| 185|0x000000008b900000, 0x000000008b900000, 0x000000008ba00000|  0%| F|  |TAMS 0x000000008b900000, 0x000000008b900000| Untracked 
| 186|0x000000008ba00000, 0x000000008ba00000, 0x000000008bb00000|  0%| F|  |TAMS 0x000000008ba00000, 0x000000008ba00000| Untracked 
| 187|0x000000008bb00000, 0x000000008bb00000, 0x000000008bc00000|  0%| F|  |TAMS 0x000000008bb00000, 0x000000008bb00000| Untracked 
| 188|0x000000008bc00000, 0x000000008bc00000, 0x000000008bd00000|  0%| F|  |TAMS 0x000000008bc00000, 0x000000008bc00000| Untracked 
| 189|0x000000008bd00000, 0x000000008bd00000, 0x000000008be00000|  0%| F|  |TAMS 0x000000008bd00000, 0x000000008bd00000| Untracked 
| 190|0x000000008be00000, 0x000000008be00000, 0x000000008bf00000|  0%| F|  |TAMS 0x000000008be00000, 0x000000008be00000| Untracked 
| 191|0x000000008bf00000, 0x000000008bf00000, 0x000000008c000000|  0%| F|  |TAMS 0x000000008bf00000, 0x000000008bf00000| Untracked 
| 192|0x000000008c000000, 0x000000008c000000, 0x000000008c100000|  0%| F|  |TAMS 0x000000008c000000, 0x000000008c000000| Untracked 
| 193|0x000000008c100000, 0x000000008c100000, 0x000000008c200000|  0%| F|  |TAMS 0x000000008c100000, 0x000000008c100000| Untracked 
| 194|0x000000008c200000, 0x000000008c200000, 0x000000008c300000|  0%| F|  |TAMS 0x000000008c200000, 0x000000008c200000| Untracked 
| 195|0x000000008c300000, 0x000000008c300000, 0x000000008c400000|  0%| F|  |TAMS 0x000000008c300000, 0x000000008c300000| Untracked 
| 196|0x000000008c400000, 0x000000008c400000, 0x000000008c500000|  0%| F|  |TAMS 0x000000008c400000, 0x000000008c400000| Untracked 
| 197|0x000000008c500000, 0x000000008c5d4810, 0x000000008c600000| 83%| S|CS|TAMS 0x000000008c500000, 0x000000008c500000| Complete 
| 198|0x000000008c600000, 0x000000008c700000, 0x000000008c700000|100%| S|CS|TAMS 0x000000008c600000, 0x000000008c600000| Complete 
| 199|0x000000008c700000, 0x000000008c800000, 0x000000008c800000|100%| S|CS|TAMS 0x000000008c700000, 0x000000008c700000| Complete 
| 200|0x000000008c800000, 0x000000008c800000, 0x000000008c900000|  0%| F|  |TAMS 0x000000008c800000, 0x000000008c800000| Untracked 
| 201|0x000000008c900000, 0x000000008c900000, 0x000000008ca00000|  0%| F|  |TAMS 0x000000008c900000, 0x000000008c900000| Untracked 
| 202|0x000000008ca00000, 0x000000008ca00000, 0x000000008cb00000|  0%| F|  |TAMS 0x000000008ca00000, 0x000000008ca00000| Untracked 
| 203|0x000000008cb00000, 0x000000008cb00000, 0x000000008cc00000|  0%| F|  |TAMS 0x000000008cb00000, 0x000000008cb00000| Untracked 
| 204|0x000000008cc00000, 0x000000008cc00000, 0x000000008cd00000|  0%| F|  |TAMS 0x000000008cc00000, 0x000000008cc00000| Untracked 
| 205|0x000000008cd00000, 0x000000008cd00000, 0x000000008ce00000|  0%| F|  |TAMS 0x000000008cd00000, 0x000000008cd00000| Untracked 
| 206|0x000000008ce00000, 0x000000008ce00000, 0x000000008cf00000|  0%| F|  |TAMS 0x000000008ce00000, 0x000000008ce00000| Untracked 
| 207|0x000000008cf00000, 0x000000008cf00000, 0x000000008d000000|  0%| F|  |TAMS 0x000000008cf00000, 0x000000008cf00000| Untracked 
| 208|0x000000008d000000, 0x000000008d000000, 0x000000008d100000|  0%| F|  |TAMS 0x000000008d000000, 0x000000008d000000| Untracked 
| 209|0x000000008d100000, 0x000000008d100000, 0x000000008d200000|  0%| F|  |TAMS 0x000000008d100000, 0x000000008d100000| Untracked 
| 210|0x000000008d200000, 0x000000008d200000, 0x000000008d300000|  0%| F|  |TAMS 0x000000008d200000, 0x000000008d200000| Untracked 
| 211|0x000000008d300000, 0x000000008d300000, 0x000000008d400000|  0%| F|  |TAMS 0x000000008d300000, 0x000000008d300000| Untracked 
| 212|0x000000008d400000, 0x000000008d400000, 0x000000008d500000|  0%| F|  |TAMS 0x000000008d400000, 0x000000008d400000| Untracked 
| 213|0x000000008d500000, 0x000000008d500000, 0x000000008d600000|  0%| F|  |TAMS 0x000000008d500000, 0x000000008d500000| Untracked 
| 214|0x000000008d600000, 0x000000008d600000, 0x000000008d700000|  0%| F|  |TAMS 0x000000008d600000, 0x000000008d600000| Untracked 
| 215|0x000000008d700000, 0x000000008d700000, 0x000000008d800000|  0%| F|  |TAMS 0x000000008d700000, 0x000000008d700000| Untracked 
| 216|0x000000008d800000, 0x000000008d800000, 0x000000008d900000|  0%| F|  |TAMS 0x000000008d800000, 0x000000008d800000| Untracked 
| 217|0x000000008d900000, 0x000000008d933940, 0x000000008da00000| 20%| E|  |TAMS 0x000000008d900000, 0x000000008d900000| Complete 
| 218|0x000000008da00000, 0x000000008db00000, 0x000000008db00000|100%| E|CS|TAMS 0x000000008da00000, 0x000000008da00000| Complete 
| 219|0x000000008db00000, 0x000000008dc00000, 0x000000008dc00000|100%| E|CS|TAMS 0x000000008db00000, 0x000000008db00000| Complete 
| 220|0x000000008dc00000, 0x000000008dd00000, 0x000000008dd00000|100%| E|CS|TAMS 0x000000008dc00000, 0x000000008dc00000| Complete 
| 221|0x000000008dd00000, 0x000000008de00000, 0x000000008de00000|100%| E|CS|TAMS 0x000000008dd00000, 0x000000008dd00000| Complete 
| 222|0x000000008de00000, 0x000000008df00000, 0x000000008df00000|100%| E|CS|TAMS 0x000000008de00000, 0x000000008de00000| Complete 
| 223|0x000000008df00000, 0x000000008e000000, 0x000000008e000000|100%| E|CS|TAMS 0x000000008df00000, 0x000000008df00000| Complete 
| 224|0x000000008e000000, 0x000000008e100000, 0x000000008e100000|100%| E|CS|TAMS 0x000000008e000000, 0x000000008e000000| Complete 
| 225|0x000000008e100000, 0x000000008e200000, 0x000000008e200000|100%| E|CS|TAMS 0x000000008e100000, 0x000000008e100000| Complete 
| 226|0x000000008e200000, 0x000000008e300000, 0x000000008e300000|100%| E|CS|TAMS 0x000000008e200000, 0x000000008e200000| Complete 
| 227|0x000000008e300000, 0x000000008e400000, 0x000000008e400000|100%| E|CS|TAMS 0x000000008e300000, 0x000000008e300000| Complete 
| 228|0x000000008e400000, 0x000000008e500000, 0x000000008e500000|100%| E|CS|TAMS 0x000000008e400000, 0x000000008e400000| Complete 
| 229|0x000000008e500000, 0x000000008e600000, 0x000000008e600000|100%| E|CS|TAMS 0x000000008e500000, 0x000000008e500000| Complete 
| 230|0x000000008e600000, 0x000000008e700000, 0x000000008e700000|100%| E|CS|TAMS 0x000000008e600000, 0x000000008e600000| Complete 
| 231|0x000000008e700000, 0x000000008e800000, 0x000000008e800000|100%| E|CS|TAMS 0x000000008e700000, 0x000000008e700000| Complete 
| 232|0x000000008e800000, 0x000000008e900000, 0x000000008e900000|100%| E|CS|TAMS 0x000000008e800000, 0x000000008e800000| Complete 
| 233|0x000000008e900000, 0x000000008ea00000, 0x000000008ea00000|100%| E|CS|TAMS 0x000000008e900000, 0x000000008e900000| Complete 
| 234|0x000000008ea00000, 0x000000008eb00000, 0x000000008eb00000|100%| E|CS|TAMS 0x000000008ea00000, 0x000000008ea00000| Complete 
| 235|0x000000008eb00000, 0x000000008ec00000, 0x000000008ec00000|100%| E|CS|TAMS 0x000000008eb00000, 0x000000008eb00000| Complete 
| 236|0x000000008ec00000, 0x000000008ed00000, 0x000000008ed00000|100%| E|CS|TAMS 0x000000008ec00000, 0x000000008ec00000| Complete 
| 237|0x000000008ed00000, 0x000000008ee00000, 0x000000008ee00000|100%| E|CS|TAMS 0x000000008ed00000, 0x000000008ed00000| Complete 
| 238|0x000000008ee00000, 0x000000008ef00000, 0x000000008ef00000|100%| E|CS|TAMS 0x000000008ee00000, 0x000000008ee00000| Complete 
| 239|0x000000008ef00000, 0x000000008f000000, 0x000000008f000000|100%| E|CS|TAMS 0x000000008ef00000, 0x000000008ef00000| Complete 
| 240|0x000000008f000000, 0x000000008f100000, 0x000000008f100000|100%| E|CS|TAMS 0x000000008f000000, 0x000000008f000000| Complete 
| 241|0x000000008f100000, 0x000000008f200000, 0x000000008f200000|100%| E|CS|TAMS 0x000000008f100000, 0x000000008f100000| Complete 
| 242|0x000000008f200000, 0x000000008f300000, 0x000000008f300000|100%| E|CS|TAMS 0x000000008f200000, 0x000000008f200000| Complete 
| 243|0x000000008f300000, 0x000000008f400000, 0x000000008f400000|100%| E|CS|TAMS 0x000000008f300000, 0x000000008f300000| Complete 
| 244|0x000000008f400000, 0x000000008f500000, 0x000000008f500000|100%| E|CS|TAMS 0x000000008f400000, 0x000000008f400000| Complete 
| 245|0x000000008f500000, 0x000000008f600000, 0x000000008f600000|100%| E|CS|TAMS 0x000000008f500000, 0x000000008f500000| Complete 
| 246|0x000000008f600000, 0x000000008f700000, 0x000000008f700000|100%| E|CS|TAMS 0x000000008f600000, 0x000000008f600000| Complete 
| 247|0x000000008f700000, 0x000000008f800000, 0x000000008f800000|100%| E|CS|TAMS 0x000000008f700000, 0x000000008f700000| Complete 
| 248|0x000000008f800000, 0x000000008f900000, 0x000000008f900000|100%| E|CS|TAMS 0x000000008f800000, 0x000000008f800000| Complete 
| 249|0x000000008f900000, 0x000000008fa00000, 0x000000008fa00000|100%| E|CS|TAMS 0x000000008f900000, 0x000000008f900000| Complete 
| 250|0x000000008fa00000, 0x000000008fb00000, 0x000000008fb00000|100%| E|CS|TAMS 0x000000008fa00000, 0x000000008fa00000| Complete 
| 251|0x000000008fb00000, 0x000000008fc00000, 0x000000008fc00000|100%| E|CS|TAMS 0x000000008fb00000, 0x000000008fb00000| Complete 
| 252|0x000000008fc00000, 0x000000008fd00000, 0x000000008fd00000|100%| E|CS|TAMS 0x000000008fc00000, 0x000000008fc00000| Complete 
| 253|0x000000008fd00000, 0x000000008fe00000, 0x000000008fe00000|100%| E|CS|TAMS 0x000000008fd00000, 0x000000008fd00000| Complete 

Card table byte_map: [0x0000026bc4ea0000,0x0000026bc52a0000] _byte_map_base: 0x0000026bc4aa0000

Marking Bits (Prev, Next): (CMBitMap*) 0x0000026bb20da8c0, (CMBitMap*) 0x0000026bb20da880
 Prev Bits: [0x0000026bc76a0000, 0x0000026bc96a0000)
 Next Bits: [0x0000026bc56a0000, 0x0000026bc76a0000)

Polling page: 0x0000026baffe0000

Metaspace:

Usage:
  Non-class:    100.66 MB used.
      Class:     15.32 MB used.
       Both:    115.98 MB used.

Virtual space:
  Non-class space:      128.00 MB reserved,     101.12 MB ( 79%) committed,  2 nodes.
      Class space:        1.00 GB reserved,      15.81 MB (  2%) committed,  1 nodes.
             Both:        1.12 GB reserved,     116.94 MB ( 10%) committed. 

Chunk freelists:
   Non-Class:  10.09 MB
       Class:  106.00 KB
        Both:  10.20 MB

MaxMetaspaceSize: unlimited
CompressedClassSpaceSize: 1.00 GB
Initial GC threshold: 21.00 MB
Current GC threshold: 152.75 MB
CDS: off
MetaspaceReclaimPolicy: balanced
 - commit_granule_bytes: 65536.
 - commit_granule_words: 8192.
 - virtual_space_node_default_size: 8388608.
 - enlarge_chunks_in_place: 1.
 - new_chunks_are_fully_committed: 0.
 - uncommit_free_chunks: 1.
 - use_allocation_guard: 0.
 - handle_deallocations: 1.


Internal statistics:

num_allocs_failed_limit: 3.
num_arena_births: 1540.
num_arena_deaths: 0.
num_vsnodes_births: 3.
num_vsnodes_deaths: 0.
num_space_committed: 1869.
num_space_uncommitted: 0.
num_chunks_returned_to_freelist: 3.
num_chunks_taken_from_freelist: 6360.
num_chunk_merges: 3.
num_chunk_splits: 4090.
num_chunks_enlarged: 2562.
num_inconsistent_stats: 0.

CodeHeap 'non-profiled nmethods': size=120000Kb used=7966Kb max_used=7966Kb free=112033Kb
 bounds [0x0000026bbd020000, 0x0000026bbd7f0000, 0x0000026bc4550000]
CodeHeap 'profiled nmethods': size=120000Kb used=22018Kb max_used=22018Kb free=97981Kb
 bounds [0x0000026bb5550000, 0x0000026bb6ae0000, 0x0000026bbca80000]
CodeHeap 'non-nmethods': size=5760Kb used=2438Kb max_used=2525Kb free=3321Kb
 bounds [0x0000026bbca80000, 0x0000026bbcd10000, 0x0000026bbd020000]
 total_blobs=12413 nmethods=11441 adapters=884
 compilation: enabled
              stopped_count=0, restarted_count=0
 full_count=0

Compilation events (20 events):
Event: 4930.995 Thread 0x0000026bcc4ccf10 12983       3       org.gradle.api.internal.artifacts.ivyservice.resolveengine.graph.selectors.SelectorStateResolver::resolveConflicts (76 bytes)
Event: 4931.040 Thread 0x0000026bcc4c8b50 nmethod 12982 0x0000026bbd7e5310 code [0x0000026bbd7e5540, 0x0000026bbd7e5c60]
Event: 4931.045 Thread 0x0000026bcc4ccf10 nmethod 12983 0x0000026bb6ac7f90 code [0x0000026bb6ac81e0, 0x0000026bb6ac8b28]
Event: 4931.070 Thread 0x0000026bcc4c8b50 12984       4       org.gradle.api.internal.attributes.DefaultMutableAttributeContainer::keySet (25 bytes)
Event: 4931.099 Thread 0x0000026bcc4ccf10 12985       3       org.gradle.api.internal.artifacts.ivyservice.resolveengine.graph.selectors.SelectorStateResolver::integratePreferResults (77 bytes)
Event: 4931.112 Thread 0x0000026bcc4ccf10 nmethod 12985 0x0000026bb6ac8f10 code [0x0000026bb6ac91e0, 0x0000026bb6aca0f8]
Event: 4931.112 Thread 0x0000026bcc4ccf10 12986       3       org.gradle.api.internal.artifacts.ivyservice.resolveengine.graph.selectors.SelectorStateResolverResults::getResolved (187 bytes)
Event: 4931.121 Thread 0x0000026bcc4ccf10 nmethod 12986 0x0000026bb6aca590 code [0x0000026bb6aca860, 0x0000026bb6acb8f8]
Event: 4931.122 Thread 0x0000026bcc4ccf10 12987       1       org.gradle.api.internal.artifacts.ivyservice.resolveengine.graph.builder.EdgeState::isUnattached (5 bytes)
Event: 4931.123 Thread 0x0000026bcc4ccf10 nmethod 12987 0x0000026bbd7e6210 code [0x0000026bbd7e63a0, 0x0000026bbd7e6478]
Event: 4931.154 Thread 0x0000026bcc4c8b50 nmethod 12984 0x0000026bbd7e6510 code [0x0000026bbd7e66e0, 0x0000026bbd7e6c38]
Event: 4931.188 Thread 0x0000026bcc4c8b50 12988       4       org.gradle.internal.component.external.model.ConfigurationBoundExternalDependencyMetadata::getSelector (5 bytes)
Event: 4931.191 Thread 0x0000026bcc4c8b50 nmethod 12988 0x0000026bbd7e7090 code [0x0000026bbd7e7200, 0x0000026bbd7e72b8]
Event: 4931.201 Thread 0x0000026bcc4ccf10 12989       3       org.gradle.internal.component.external.model.DefaultConfigurationMetadata$1::create (5 bytes)
Event: 4931.203 Thread 0x0000026bcc4ccf10 nmethod 12989 0x0000026bb6acbf10 code [0x0000026bb6acc0c0, 0x0000026bb6acc2c8]
Event: 4931.204 Thread 0x0000026bcc4ccf10 12990       3       org.gradle.internal.component.external.model.DefaultConfigurationMetadata$1::create (8 bytes)
Event: 4931.204 Thread 0x0000026bcc4ccf10 nmethod 12990 0x0000026bb6acc410 code [0x0000026bb6acc5c0, 0x0000026bb6acc768]
Event: 4931.204 Thread 0x0000026bcc4ccf10 12991       3       org.gradle.internal.component.external.model.maven.DefaultMavenModuleResolveMetadata$1::create (5 bytes)
Event: 4931.205 Thread 0x0000026bcc4ccf10 nmethod 12991 0x0000026bb6acc890 code [0x0000026bb6acca40, 0x0000026bb6accc68]
Event: 4931.215 Thread 0x0000026bcc4c8b50 12992       4       org.gradle.api.internal.artifacts.ModuleComponentSelectorSerializer::read (50 bytes)

GC Heap History (20 events):
Event: 18.970 GC heap before
{Heap before GC invocations=53 (full 0):
 garbage-first heap   total 260096K, used 218086K [0x0000000080000000, 0x0000000100000000)
  region size 1024K, 66 young (67584K), 6 survivors (6144K)
 Metaspace       used 112614K, committed 113472K, reserved 1179648K
  class space    used 15106K, committed 15552K, reserved 1048576K
}
Event: 18.974 GC heap after
{Heap after GC invocations=54 (full 0):
 garbage-first heap   total 260096K, used 158837K [0x0000000080000000, 0x0000000100000000)
  region size 1024K, 5 young (5120K), 5 survivors (5120K)
 Metaspace       used 112614K, committed 113472K, reserved 1179648K
  class space    used 15106K, committed 15552K, reserved 1048576K
}
Event: 19.455 GC heap before
{Heap before GC invocations=54 (full 0):
 garbage-first heap   total 260096K, used 218229K [0x0000000080000000, 0x0000000100000000)
  region size 1024K, 63 young (64512K), 5 survivors (5120K)
 Metaspace       used 112614K, committed 113472K, reserved 1179648K
  class space    used 15106K, committed 15552K, reserved 1048576K
}
Event: 19.458 GC heap after
{Heap after GC invocations=55 (full 0):
 garbage-first heap   total 260096K, used 160581K [0x0000000080000000, 0x0000000100000000)
  region size 1024K, 5 young (5120K), 5 survivors (5120K)
 Metaspace       used 112614K, committed 113472K, reserved 1179648K
  class space    used 15106K, committed 15552K, reserved 1048576K
}
Event: 19.951 GC heap before
{Heap before GC invocations=55 (full 0):
 garbage-first heap   total 260096K, used 218949K [0x0000000080000000, 0x0000000100000000)
  region size 1024K, 62 young (63488K), 5 survivors (5120K)
 Metaspace       used 112614K, committed 113472K, reserved 1179648K
  class space    used 15106K, committed 15552K, reserved 1048576K
}
Event: 19.956 GC heap after
{Heap after GC invocations=56 (full 0):
 garbage-first heap   total 260096K, used 162089K [0x0000000080000000, 0x0000000100000000)
  region size 1024K, 6 young (6144K), 6 survivors (6144K)
 Metaspace       used 112614K, committed 113472K, reserved 1179648K
  class space    used 15106K, committed 15552K, reserved 1048576K
}
Event: 20.360 GC heap before
{Heap before GC invocations=56 (full 0):
 garbage-first heap   total 260096K, used 220457K [0x0000000080000000, 0x0000000100000000)
  region size 1024K, 63 young (64512K), 6 survivors (6144K)
 Metaspace       used 112614K, committed 113472K, reserved 1179648K
  class space    used 15106K, committed 15552K, reserved 1048576K
}
Event: 20.367 GC heap after
{Heap after GC invocations=57 (full 0):
 garbage-first heap   total 260096K, used 164311K [0x0000000080000000, 0x0000000100000000)
  region size 1024K, 7 young (7168K), 7 survivors (7168K)
 Metaspace       used 112614K, committed 113472K, reserved 1179648K
  class space    used 15106K, committed 15552K, reserved 1048576K
}
Event: 20.956 GC heap before
{Heap before GC invocations=57 (full 0):
 garbage-first heap   total 260096K, used 219607K [0x0000000080000000, 0x0000000100000000)
  region size 1024K, 61 young (62464K), 7 survivors (7168K)
 Metaspace       used 112614K, committed 113472K, reserved 1179648K
  class space    used 15106K, committed 15552K, reserved 1048576K
}
Event: 20.961 GC heap after
{Heap after GC invocations=58 (full 0):
 garbage-first heap   total 260096K, used 166290K [0x0000000080000000, 0x0000000100000000)
  region size 1024K, 5 young (5120K), 5 survivors (5120K)
 Metaspace       used 112614K, committed 113472K, reserved 1179648K
  class space    used 15106K, committed 15552K, reserved 1048576K
}
Event: 21.365 GC heap before
{Heap before GC invocations=58 (full 0):
 garbage-first heap   total 260096K, used 220562K [0x0000000080000000, 0x0000000100000000)
  region size 1024K, 58 young (59392K), 5 survivors (5120K)
 Metaspace       used 112615K, committed 113472K, reserved 1179648K
  class space    used 15106K, committed 15552K, reserved 1048576K
}
Event: 21.372 GC heap after
{Heap after GC invocations=59 (full 0):
 garbage-first heap   total 260096K, used 167753K [0x0000000080000000, 0x0000000100000000)
  region size 1024K, 5 young (5120K), 5 survivors (5120K)
 Metaspace       used 112615K, committed 113472K, reserved 1179648K
  class space    used 15106K, committed 15552K, reserved 1048576K
}
Event: 21.989 GC heap before
{Heap before GC invocations=59 (full 0):
 garbage-first heap   total 260096K, used 221001K [0x0000000080000000, 0x0000000100000000)
  region size 1024K, 57 young (58368K), 5 survivors (5120K)
 Metaspace       used 112690K, committed 113536K, reserved 1179648K
  class space    used 15116K, committed 15552K, reserved 1048576K
}
Event: 21.994 GC heap after
{Heap after GC invocations=60 (full 0):
 garbage-first heap   total 260096K, used 169407K [0x0000000080000000, 0x0000000100000000)
  region size 1024K, 6 young (6144K), 6 survivors (6144K)
 Metaspace       used 112690K, committed 113536K, reserved 1179648K
  class space    used 15116K, committed 15552K, reserved 1048576K
}
Event: 22.467 GC heap before
{Heap before GC invocations=60 (full 0):
 garbage-first heap   total 260096K, used 219583K [0x0000000080000000, 0x0000000100000000)
  region size 1024K, 56 young (57344K), 6 survivors (6144K)
 Metaspace       used 116562K, committed 117504K, reserved 1179648K
  class space    used 15515K, committed 16000K, reserved 1048576K
}
Event: 22.471 GC heap after
{Heap after GC invocations=61 (full 0):
 garbage-first heap   total 260096K, used 171378K [0x0000000080000000, 0x0000000100000000)
  region size 1024K, 3 young (3072K), 3 survivors (3072K)
 Metaspace       used 116562K, committed 117504K, reserved 1179648K
  class space    used 15515K, committed 16000K, reserved 1048576K
}
Event: 1580.059 GC heap before
{Heap before GC invocations=61 (full 0):
 garbage-first heap   total 260096K, used 219506K [0x0000000080000000, 0x0000000100000000)
  region size 1024K, 51 young (52224K), 3 survivors (3072K)
 Metaspace       used 118369K, committed 119360K, reserved 1179648K
  class space    used 15648K, committed 16128K, reserved 1048576K
}
Event: 1580.131 GC heap after
{Heap after GC invocations=62 (full 0):
 garbage-first heap   total 260096K, used 171275K [0x0000000080000000, 0x0000000100000000)
  region size 1024K, 3 young (3072K), 3 survivors (3072K)
 Metaspace       used 118369K, committed 119360K, reserved 1179648K
  class space    used 15648K, committed 16128K, reserved 1048576K
}
Event: 4431.042 GC heap before
{Heap before GC invocations=62 (full 0):
 garbage-first heap   total 260096K, used 223499K [0x0000000080000000, 0x0000000100000000)
  region size 1024K, 54 young (55296K), 3 survivors (3072K)
 Metaspace       used 118433K, committed 119424K, reserved 1179648K
  class space    used 15648K, committed 16128K, reserved 1048576K
}
Event: 4431.100 GC heap after
{Heap after GC invocations=63 (full 0):
 garbage-first heap   total 260096K, used 171204K [0x0000000080000000, 0x0000000100000000)
  region size 1024K, 3 young (3072K), 3 survivors (3072K)
 Metaspace       used 118433K, committed 119424K, reserved 1179648K
  class space    used 15648K, committed 16128K, reserved 1048576K
}

Dll operation events (3 events):
Event: 0.011 Loaded shared library C:\Program Files\Android\Android Studio\jbr\bin\java.dll
Event: 0.151 Loaded shared library C:\Program Files\Android\Android Studio\jbr\bin\zip.dll
Event: 0.566 Loaded shared library C:\Program Files\Android\Android Studio\jbr\bin\verify.dll

Deoptimization events (20 events):
Event: 4912.861 Thread 0x0000026bd6002580 Uncommon trap: trap_request=0xffffffde fr.pc=0x0000026bbd56050c relative=0x000000000000030c
Event: 4912.861 Thread 0x0000026bd6002580 Uncommon trap: reason=class_check action=maybe_recompile pc=0x0000026bbd56050c method=org.gradle.api.internal.artifacts.ivyservice.resolveengine.graph.builder.NodeState.isExcluded(Lorg/gradle/api/internal/artifacts/ivyservice/resolveengine/excludes/specs/
Event: 4912.861 Thread 0x0000026bd6002580 DEOPT PACKING pc=0x0000026bbd56050c sp=0x00000080c81f8310
Event: 4912.861 Thread 0x0000026bd6002580 DEOPT UNPACKING pc=0x0000026bbcad69a3 sp=0x00000080c81f82c0 mode 2
Event: 4912.861 Thread 0x0000026bd6002580 Uncommon trap: trap_request=0xffffffde fr.pc=0x0000026bbd56050c relative=0x000000000000030c
Event: 4912.861 Thread 0x0000026bd6002580 Uncommon trap: reason=class_check action=maybe_recompile pc=0x0000026bbd56050c method=org.gradle.api.internal.artifacts.ivyservice.resolveengine.graph.builder.NodeState.isExcluded(Lorg/gradle/api/internal/artifacts/ivyservice/resolveengine/excludes/specs/
Event: 4912.861 Thread 0x0000026bd6002580 DEOPT PACKING pc=0x0000026bbd56050c sp=0x00000080c81f8310
Event: 4912.862 Thread 0x0000026bd6002580 DEOPT UNPACKING pc=0x0000026bbcad69a3 sp=0x00000080c81f82c0 mode 2
Event: 4912.862 Thread 0x0000026bd6002580 Uncommon trap: trap_request=0xffffffde fr.pc=0x0000026bbd56050c relative=0x000000000000030c
Event: 4912.862 Thread 0x0000026bd6002580 Uncommon trap: reason=class_check action=maybe_recompile pc=0x0000026bbd56050c method=org.gradle.api.internal.artifacts.ivyservice.resolveengine.graph.builder.NodeState.isExcluded(Lorg/gradle/api/internal/artifacts/ivyservice/resolveengine/excludes/specs/
Event: 4912.862 Thread 0x0000026bd6002580 DEOPT PACKING pc=0x0000026bbd56050c sp=0x00000080c81f8310
Event: 4912.862 Thread 0x0000026bd6002580 DEOPT UNPACKING pc=0x0000026bbcad69a3 sp=0x00000080c81f82c0 mode 2
Event: 4912.862 Thread 0x0000026bd6002580 Uncommon trap: trap_request=0xffffffde fr.pc=0x0000026bbd56050c relative=0x000000000000030c
Event: 4912.862 Thread 0x0000026bd6002580 Uncommon trap: reason=class_check action=maybe_recompile pc=0x0000026bbd56050c method=org.gradle.api.internal.artifacts.ivyservice.resolveengine.graph.builder.NodeState.isExcluded(Lorg/gradle/api/internal/artifacts/ivyservice/resolveengine/excludes/specs/
Event: 4912.862 Thread 0x0000026bd6002580 DEOPT PACKING pc=0x0000026bbd56050c sp=0x00000080c81f8310
Event: 4912.863 Thread 0x0000026bd6002580 DEOPT UNPACKING pc=0x0000026bbcad69a3 sp=0x00000080c81f82c0 mode 2
Event: 4912.947 Thread 0x0000026bd6002580 Uncommon trap: trap_request=0xfffffff4 fr.pc=0x0000026bbd6b7f84 relative=0x00000000000081c4
Event: 4912.947 Thread 0x0000026bd6002580 Uncommon trap: reason=null_check action=make_not_entrant pc=0x0000026bbd6b7f84 method=org.gradle.internal.action.InstantiatingAction.execute(Ljava/lang/Object;)V @ 52 c2
Event: 4912.947 Thread 0x0000026bd6002580 DEOPT PACKING pc=0x0000026bbd6b7f84 sp=0x00000080c81f6fe0
Event: 4912.948 Thread 0x0000026bd6002580 DEOPT UNPACKING pc=0x0000026bbcad69a3 sp=0x00000080c81f6f20 mode 2

Classes unloaded (0 events):
No events

Classes redefined (0 events):
No events

Internal exceptions (20 events):
Event: 22.123 Thread 0x0000026bd2f63d30 Exception <a 'java/lang/NoSuchMethodError'{0x000000008efc4be8}: static Lorg/gradle/internal/classloader/ClassLoaderSpec;.<clinit>()V> (0x000000008efc4be8) 
thrown [s\src\hotspot\share\prims\jni.cpp, line 1127]
Event: 22.124 Thread 0x0000026bd2f63d30 Exception <a 'java/lang/NoSuchMethodError'{0x000000008efd6ad8}: static Lorg/gradle/internal/classloader/VisitableURLClassLoader$Spec;.<clinit>()V> (0x000000008efd6ad8) 
thrown [s\src\hotspot\share\prims\jni.cpp, line 1127]
Event: 22.125 Thread 0x0000026bd2f63d30 Exception <a 'java/lang/NoSuchMethodError'{0x000000008efedcc8}: static [Ljava/net/URL;.<clinit>()V> (0x000000008efedcc8) 
thrown [s\src\hotspot\share\prims\jni.cpp, line 1127]
Event: 22.126 Thread 0x0000026bd2f63d30 Exception <a 'java/lang/NoSuchMethodError'{0x000000008ee31b98}: static Lorg/gradle/internal/classloader/FilteringClassLoader$Spec;.<clinit>()V> (0x000000008ee31b98) 
thrown [s\src\hotspot\share\prims\jni.cpp, line 1127]
Event: 22.127 Thread 0x0000026bd2f63d30 Exception <a 'java/lang/NoSuchMethodError'{0x000000008ee41380}: static Lorg/gradle/internal/classloader/CachingClassLoader$Spec;.<clinit>()V> (0x000000008ee41380) 
thrown [s\src\hotspot\share\prims\jni.cpp, line 1127]
Event: 22.149 Thread 0x0000026bd3e83740 Exception <a 'sun/nio/fs/WindowsException'{0x000000008ed1c0d8}> (0x000000008ed1c0d8) 
thrown [s\src\hotspot\share\prims\jni.cpp, line 531]
Event: 22.149 Thread 0x0000026bd37d28c0 Exception <a 'java/lang/NoSuchMethodError'{0x000000008ed51848}: 'void java.lang.invoke.DirectMethodHandle$Holder.invokeSpecial(java.lang.Object, java.lang.Object, int)'> (0x000000008ed51848) 
thrown [s\src\hotspot\share\interpreter\linkResolver.cpp, line 771]
Event: 4907.407 Thread 0x0000026bd6002580 Implicit null exception at 0x0000026bbd749331 to 0x0000026bbd74c160
Event: 4909.709 Thread 0x0000026bd6002580 Exception <a 'sun/nio/fs/WindowsException'{0x000000008eff2fc8}> (0x000000008eff2fc8) 
thrown [s\src\hotspot\share\prims\jni.cpp, line 531]
Event: 4909.713 Thread 0x0000026bd6002580 Exception <a 'sun/nio/fs/WindowsException'{0x000000008eff4550}> (0x000000008eff4550) 
thrown [s\src\hotspot\share\prims\jni.cpp, line 531]
Event: 4909.715 Thread 0x0000026bd6002580 Exception <a 'sun/nio/fs/WindowsException'{0x000000008eff5ad8}> (0x000000008eff5ad8) 
thrown [s\src\hotspot\share\prims\jni.cpp, line 531]
Event: 4909.716 Thread 0x0000026bd6002580 Exception <a 'sun/nio/fs/WindowsException'{0x000000008eff7040}> (0x000000008eff7040) 
thrown [s\src\hotspot\share\prims\jni.cpp, line 531]
Event: 4911.421 Thread 0x0000026bd6002580 Exception <a 'sun/nio/fs/WindowsException'{0x000000008e43f5c0}> (0x000000008e43f5c0) 
thrown [s\src\hotspot\share\prims\jni.cpp, line 531]
Event: 4911.422 Thread 0x0000026bd6002580 Exception <a 'sun/nio/fs/WindowsException'{0x000000008e43f8b8}> (0x000000008e43f8b8) 
thrown [s\src\hotspot\share\prims\jni.cpp, line 531]
Event: 4911.425 Thread 0x0000026bd6002580 Exception <a 'sun/nio/fs/WindowsException'{0x000000008e4420c0}> (0x000000008e4420c0) 
thrown [s\src\hotspot\share\prims\jni.cpp, line 531]
Event: 4911.425 Thread 0x0000026bd6002580 Exception <a 'sun/nio/fs/WindowsException'{0x000000008e4424b0}> (0x000000008e4424b0) 
thrown [s\src\hotspot\share\prims\jni.cpp, line 531]
Event: 4911.474 Thread 0x0000026bd6002580 Exception <a 'sun/nio/fs/WindowsException'{0x000000008e4475e8}> (0x000000008e4475e8) 
thrown [s\src\hotspot\share\prims\jni.cpp, line 531]
Event: 4911.474 Thread 0x0000026bd6002580 Exception <a 'sun/nio/fs/WindowsException'{0x000000008e4479d8}> (0x000000008e4479d8) 
thrown [s\src\hotspot\share\prims\jni.cpp, line 531]
Event: 4911.919 Thread 0x0000026bd6000720 Exception <a 'java/lang/NoSuchMethodError'{0x000000008f337270}: static Lorg/gradle/internal/build/event/types/DefaultProjectConfigurationDescriptor;.<clinit>()V> (0x000000008f337270) 
thrown [s\src\hotspot\share\prims\jni.cpp, line 1127]
Event: 4912.944 Thread 0x0000026bd6002580 Implicit null exception at 0x0000026bbd6b00ea to 0x0000026bbd6b7f34

VM Operations (20 events):
Event: 4907.946 Executing VM operation: Cleanup
Event: 4907.963 Executing VM operation: Cleanup done
Event: 4908.977 Executing VM operation: Cleanup
Event: 4908.993 Executing VM operation: Cleanup done
Event: 4910.006 Executing VM operation: Cleanup
Event: 4910.034 Executing VM operation: Cleanup done
Event: 4911.045 Executing VM operation: Cleanup
Event: 4911.061 Executing VM operation: Cleanup done
Event: 4912.073 Executing VM operation: Cleanup
Event: 4912.074 Executing VM operation: Cleanup done
Event: 4913.083 Executing VM operation: Cleanup
Event: 4913.098 Executing VM operation: Cleanup done
Event: 4914.106 Executing VM operation: Cleanup
Event: 4914.138 Executing VM operation: Cleanup done
Event: 4915.152 Executing VM operation: Cleanup
Event: 4915.169 Executing VM operation: Cleanup done
Event: 4920.222 Executing VM operation: Cleanup
Event: 4920.401 Executing VM operation: Cleanup done
Event: 4931.054 Executing VM operation: Cleanup
Event: 4931.070 Executing VM operation: Cleanup done

Events (20 events):
Event: 4905.508 Thread 0x0000026bd5ffe3b0 Thread added: 0x0000026bd5ffe3b0
Event: 4905.574 Thread 0x0000026bd6001650 Thread added: 0x0000026bd6001650
Event: 4905.928 Thread 0x0000026bd5ffdea0 Thread added: 0x0000026bd5ffdea0
Event: 4906.022 Thread 0x0000026bd6002580 Thread added: 0x0000026bd6002580
Event: 4906.156 Thread 0x0000026bd5ffc550 Thread added: 0x0000026bd5ffc550
Event: 4906.267 loading class jdk/internal/math/FormattedFloatingDecimal$Form
Event: 4906.465 loading class jdk/internal/math/FormattedFloatingDecimal$Form done
Event: 4906.472 loading class jdk/internal/math/FormattedFloatingDecimal
Event: 4906.700 loading class jdk/internal/math/FormattedFloatingDecimal done
Event: 4906.707 loading class jdk/internal/math/FormattedFloatingDecimal$1
Event: 4906.718 loading class jdk/internal/math/FormattedFloatingDecimal$1 done
Event: 4906.777 loading class jdk/internal/math/FormattedFloatingDecimal$2
Event: 4906.784 loading class jdk/internal/math/FormattedFloatingDecimal$2 done
Event: 4906.823 Thread 0x0000026bd6000c30 Thread added: 0x0000026bd6000c30
Event: 4906.833 Thread 0x0000026bd6000720 Thread added: 0x0000026bd6000720
Event: 4907.994 Thread 0x0000026bd5fff2e0 Thread added: 0x0000026bd5fff2e0
Event: 4909.161 Thread 0x0000026bd5ffe8c0 Thread added: 0x0000026bd5ffe8c0
Event: 4909.189 Thread 0x0000026bd6000210 Thread added: 0x0000026bd6000210
Event: 4909.200 Thread 0x0000026bd5fffd00 Thread added: 0x0000026bd5fffd00
Event: 4912.831 Thread 0x0000026bd5ffedd0 Thread added: 0x0000026bd5ffedd0


Dynamic libraries:
0x00007ff7d5ba0000 - 0x00007ff7d5baa000 	C:\Program Files\Android\Android Studio\jbr\bin\java.exe
0x00007ff806f30000 - 0x00007ff807148000 	C:\WINDOWS\SYSTEM32\ntdll.dll
0x00007ff8054e0000 - 0x00007ff8055a4000 	C:\WINDOWS\System32\KERNEL32.DLL
0x00007ff804390000 - 0x00007ff804763000 	C:\WINDOWS\System32\KERNELBASE.dll
0x00007ff8048c0000 - 0x00007ff8049d1000 	C:\WINDOWS\System32\ucrtbase.dll
0x00007fff9e390000 - 0x00007fff9e3a7000 	C:\Program Files\Android\Android Studio\jbr\bin\jli.dll
0x00007ffffe320000 - 0x00007ffffe33b000 	C:\Program Files\Android\Android Studio\jbr\bin\VCRUNTIME140.dll
0x00007ff805900000 - 0x00007ff805ab2000 	C:\WINDOWS\System32\USER32.dll
0x00007fffea6a0000 - 0x00007fffea93c000 	C:\WINDOWS\WinSxS\amd64_microsoft.windows.common-controls_6595b64144ccf1df_6.0.22621.6060_none_2712eda17382d24b\COMCTL32.dll
0x00007ff804a60000 - 0x00007ff804a86000 	C:\WINDOWS\System32\win32u.dll
0x00007ff805690000 - 0x00007ff805737000 	C:\WINDOWS\System32\msvcrt.dll
0x00007ff806380000 - 0x00007ff8063a9000 	C:\WINDOWS\System32\GDI32.dll
0x00007ff804770000 - 0x00007ff80488b000 	C:\WINDOWS\System32\gdi32full.dll
0x00007ff804100000 - 0x00007ff80419a000 	C:\WINDOWS\System32\msvcp_win.dll
0x00007ff806020000 - 0x00007ff806051000 	C:\WINDOWS\System32\IMM32.DLL
0x00007fffff970000 - 0x00007fffff97c000 	C:\Program Files\Android\Android Studio\jbr\bin\vcruntime140_1.dll
0x00007fffc64c0000 - 0x00007fffc654d000 	C:\Program Files\Android\Android Studio\jbr\bin\msvcp140.dll
0x00007fff51100000 - 0x00007fff51d83000 	C:\Program Files\Android\Android Studio\jbr\bin\server\jvm.dll
0x00007ff805e80000 - 0x00007ff805f31000 	C:\WINDOWS\System32\ADVAPI32.dll
0x00007ff806430000 - 0x00007ff8064d8000 	C:\WINDOWS\System32\sechost.dll
0x00007ff804890000 - 0x00007ff8048b8000 	C:\WINDOWS\System32\bcrypt.dll
0x00007ff806b90000 - 0x00007ff806ca8000 	C:\WINDOWS\System32\RPCRT4.dll
0x00007fffe9620000 - 0x00007fffe9629000 	C:\WINDOWS\SYSTEM32\WSOCK32.dll
0x00007ff8038c0000 - 0x00007ff80390d000 	C:\WINDOWS\SYSTEM32\POWRPROF.dll
0x00007ffffe220000 - 0x00007ffffe254000 	C:\WINDOWS\SYSTEM32\WINMM.dll
0x00007ff806d60000 - 0x00007ff806dd1000 	C:\WINDOWS\System32\WS2_32.dll
0x00007ffffbd70000 - 0x00007ffffbd7a000 	C:\WINDOWS\SYSTEM32\VERSION.dll
0x00007ff8038a0000 - 0x00007ff8038b3000 	C:\WINDOWS\SYSTEM32\UMPDC.dll
0x00007ff802ff0000 - 0x00007ff803008000 	C:\WINDOWS\SYSTEM32\kernel.appcore.dll
0x00007fffe95a0000 - 0x00007fffe95aa000 	C:\Program Files\Android\Android Studio\jbr\bin\jimage.dll
0x00007ffffcf10000 - 0x00007ffffd143000 	C:\WINDOWS\SYSTEM32\DBGHELP.DLL
0x00007ff805ac0000 - 0x00007ff805e51000 	C:\WINDOWS\System32\combase.dll
0x00007ff8055b0000 - 0x00007ff805688000 	C:\WINDOWS\System32\OLEAUT32.dll
0x00007fffe9520000 - 0x00007fffe9552000 	C:\WINDOWS\SYSTEM32\dbgcore.DLL
0x00007ff8049e0000 - 0x00007ff804a5b000 	C:\WINDOWS\System32\bcryptPrimitives.dll
0x00007fffb3260000 - 0x00007fffb326e000 	C:\Program Files\Android\Android Studio\jbr\bin\instrument.dll
0x00007fffc65e0000 - 0x00007fffc6605000 	C:\Program Files\Android\Android Studio\jbr\bin\java.dll
0x00007fffc7fe0000 - 0x00007fffc7ff8000 	C:\Program Files\Android\Android Studio\jbr\bin\zip.dll
0x00007ff804bd0000 - 0x00007ff80546c000 	C:\WINDOWS\System32\SHELL32.dll
0x00007ff804a90000 - 0x00007ff804bcf000 	C:\WINDOWS\System32\wintypes.dll
0x00007ff801ef0000 - 0x00007ff80280a000 	C:\WINDOWS\SYSTEM32\windows.storage.dll
0x00007ff806de0000 - 0x00007ff806ee4000 	C:\WINDOWS\System32\SHCORE.dll
0x00007ff805fb0000 - 0x00007ff806019000 	C:\WINDOWS\System32\shlwapi.dll
0x00007ff803f70000 - 0x00007ff803f95000 	C:\WINDOWS\SYSTEM32\profapi.dll
0x00007fffc4470000 - 0x00007fffc4489000 	C:\Program Files\Android\Android Studio\jbr\bin\net.dll
0x00007fffffec0000 - 0x00007ffffffec000 	C:\WINDOWS\SYSTEM32\WINHTTP.dll
0x00007ff803520000 - 0x00007ff803589000 	C:\WINDOWS\system32\mswsock.dll
0x00007fffb3290000 - 0x00007fffb32a6000 	C:\Program Files\Android\Android Studio\jbr\bin\nio.dll
0x00007fffb3270000 - 0x00007fffb3280000 	C:\Program Files\Android\Android Studio\jbr\bin\verify.dll
0x00007fff84190000 - 0x00007fff841b7000 	C:\Users\harsh\.gradle\native\c067742578af261105cb4f569cf0c3c89f3d7b1fecec35dd04571415982c5e48\windows-amd64\native-platform.dll
0x00007fff82270000 - 0x00007fff823b4000 	C:\Users\harsh\.gradle\native\38dada09dfb8b06ba9b0570ebf7e218e3eb74d4ef43ca46872605cf95ebc2f47\windows-amd64\native-platform-file-events.dll
0x00007fffd8980000 - 0x00007fffd8989000 	C:\Program Files\Android\Android Studio\jbr\bin\management.dll
0x00007fffb3280000 - 0x00007fffb328b000 	C:\Program Files\Android\Android Studio\jbr\bin\management_ext.dll
0x00007ff805fa0000 - 0x00007ff805fa8000 	C:\WINDOWS\System32\PSAPI.DLL
0x00007ff8037b0000 - 0x00007ff8037cb000 	C:\WINDOWS\SYSTEM32\CRYPTSP.dll
0x00007ff802f50000 - 0x00007ff802f87000 	C:\WINDOWS\system32\rsaenh.dll
0x00007ff803610000 - 0x00007ff803638000 	C:\WINDOWS\SYSTEM32\USERENV.dll
0x00007ff8037a0000 - 0x00007ff8037ac000 	C:\WINDOWS\SYSTEM32\CRYPTBASE.dll
0x00007ff802a70000 - 0x00007ff802a9d000 	C:\WINDOWS\SYSTEM32\IPHLPAPI.DLL
0x00007ff806420000 - 0x00007ff806429000 	C:\WINDOWS\System32\NSI.dll
0x00007ffffec30000 - 0x00007ffffec49000 	C:\WINDOWS\SYSTEM32\dhcpcsvc6.DLL
0x00007ffffea70000 - 0x00007ffffea8f000 	C:\WINDOWS\SYSTEM32\dhcpcsvc.DLL
0x00007ff802aa0000 - 0x00007ff802b98000 	C:\WINDOWS\SYSTEM32\DNSAPI.dll
0x00007fffe9590000 - 0x00007fffe9599000 	C:\Program Files\Android\Android Studio\jbr\bin\extnet.dll
0x00007fffc6e90000 - 0x00007fffc6e98000 	C:\WINDOWS\system32\wshunix.dll

dbghelp: loaded successfully - version: 4.0.5 - missing functions: none
symbol engine: initialized successfully - sym options: 0x614 - pdb path: .;C:\Program Files\Android\Android Studio\jbr\bin;C:\WINDOWS\SYSTEM32;C:\WINDOWS\WinSxS\amd64_microsoft.windows.common-controls_6595b64144ccf1df_6.0.22621.6060_none_2712eda17382d24b;C:\Program Files\Android\Android Studio\jbr\bin\server;C:\Users\harsh\.gradle\native\c067742578af261105cb4f569cf0c3c89f3d7b1fecec35dd04571415982c5e48\windows-amd64;C:\Users\harsh\.gradle\native\38dada09dfb8b06ba9b0570ebf7e218e3eb74d4ef43ca46872605cf95ebc2f47\windows-amd64

VM Arguments:
jvm_args: --add-opens=java.base/java.util=ALL-UNNAMED --add-opens=java.base/java.lang=ALL-UNNAMED --add-opens=java.base/java.lang.invoke=ALL-UNNAMED --add-opens=java.prefs/java.util.prefs=ALL-UNNAMED --add-opens=java.base/java.nio.charset=ALL-UNNAMED --add-opens=java.base/java.net=ALL-UNNAMED --add-opens=java.base/java.util.concurrent.atomic=ALL-UNNAMED -Xmx2048m -Dfile.encoding=UTF-8 -Duser.country=IN -Duser.language=en -Duser.variant -javaagent:C:\Users\harsh\.gradle\wrapper\dists\gradle-8.7-bin\bhs2wmbdwecv87pi65oeuq5iu\gradle-8.7\lib\agents\gradle-instrumentation-agent-8.7.jar 
java_command: org.gradle.launcher.daemon.bootstrap.GradleDaemon 8.7
java_class_path (initial): C:\Users\harsh\.gradle\wrapper\dists\gradle-8.7-bin\bhs2wmbdwecv87pi65oeuq5iu\gradle-8.7\lib\gradle-launcher-8.7.jar
Launcher Type: SUN_STANDARD

[Global flags]
     intx CICompilerCount                          = 4                                         {product} {ergonomic}
     uint ConcGCThreads                            = 3                                         {product} {ergonomic}
     uint G1ConcRefinementThreads                  = 10                                        {product} {ergonomic}
   size_t G1HeapRegionSize                         = 1048576                                   {product} {ergonomic}
    uintx GCDrainStackTargetSize                   = 64                                        {product} {ergonomic}
   size_t InitialHeapSize                          = 123731968                                 {product} {ergonomic}
   size_t MarkStackSize                            = 4194304                                   {product} {ergonomic}
   size_t MaxHeapSize                              = 2147483648                                {product} {command line}
   size_t MaxNewSize                               = 1287651328                                {product} {ergonomic}
   size_t MinHeapDeltaBytes                        = 1048576                                   {product} {ergonomic}
   size_t MinHeapSize                              = 8388608                                   {product} {ergonomic}
    uintx NonNMethodCodeHeapSize                   = 5839372                                {pd product} {ergonomic}
    uintx NonProfiledCodeHeapSize                  = 122909434                              {pd product} {ergonomic}
    uintx ProfiledCodeHeapSize                     = 122909434                              {pd product} {ergonomic}
    uintx ReservedCodeCacheSize                    = 251658240                              {pd product} {ergonomic}
     bool SegmentedCodeCache                       = true                                      {product} {ergonomic}
   size_t SoftMaxHeapSize                          = 2147483648                             {manageable} {ergonomic}
     bool UseCompressedClassPointers               = true                           {product lp64_product} {ergonomic}
     bool UseCompressedOops                        = true                           {product lp64_product} {ergonomic}
     bool UseG1GC                                  = true                                      {product} {ergonomic}
     bool UseLargePagesIndividualAllocation        = false                                  {pd product} {ergonomic}

Logging:
Log output configuration:
 #0: stdout all=warning uptime,level,tags
 #1: stderr all=off uptime,level,tags

Environment Variables:
PATH=C:\Program Files\Common Files\Oracle\Java\javapath;C:\Program Files (x86)\Common Files\Oracle\Java\java8path;C:\Program Files (x86)\Common Files\Oracle\Java\javapath;C:\WINDOWS\system32;C:\WINDOWS;C:\WINDOWS\System32\Wbem;C:\WINDOWS\System32\WindowsPowerShell\v1.0\;C:\WINDOWS\System32\OpenSSH\;C:\Program Files\Java\jdk-22\bin;C:\Program Files (x86)\Microsoft SQL Server\160\Tools\Binn\;C:\Program Files\Microsoft SQL Server\160\Tools\Binn\;C:\Program Files\Microsoft SQL Server\Client SDK\ODBC\170\Tools\Binn\;C:\Program Files\Microsoft SQL Server\160\DTS\Binn\;C:\Program Files\Git\cmd;C:\apache-maven\apache-maven-3.9.11\bin;C:\Program Files\cursor\resources\app\bin;C:\Program Files\MySQL\MySQL Shell 8.0\bin\;C:\Users\harsh\AppData\Local\Programs\Python\Python312\Scripts\;C:\Users\harsh\AppData\Local\Programs\Python\Python312\;C:\Users\harsh\AppData\Local\Microsoft\WindowsApps;C:\Users\harsh\AppData\Local\Programs\Microsoft VS Code\bin;C:\Users\harsh\AppData\Local\Programs\Antigravity\bin
USERNAME=harsh
OS=Windows_NT
PROCESSOR_IDENTIFIER=AMD64 Family 25 Model 80 Stepping 0, AuthenticAMD
TMP=C:\Users\harsh\AppData\Local\Temp
TEMP=C:\Users\harsh\AppData\Local\Temp



Periodic native trim disabled

JNI global refs:
JNI global refs: 28, weak refs: 15

JNI global refs memory usage: 843, weak refs: 841

Process memory usage:
Resident Set Size: 54160K (0% of 7701064K total physical memory with 79056K free physical memory)

OOME stack traces (most recent first):
Classloader memory used:
Loader org.gradle.internal.classloader.VisitableURLClassLoader                         : 5008K
Loader org.gradle.internal.classloader.VisitableURLClassLoader$InstrumentingVisitableURLClassLoader: 3990K
Loader bootstrap                                                                       : 3020K
Loader org.gradle.initialization.MixInLegacyTypesClassLoader                           : 1519K
Loader org.gradle.internal.classloader.VisitableURLClassLoader                         : 1044K
Loader jdk.internal.reflect.DelegatingClassLoader                                      : 150K
Loader jdk.internal.loader.ClassLoaders$PlatformClassLoader                            : 67861B
Loader jdk.internal.loader.ClassLoaders$AppClassLoader                                 : 28721B
Loader org.gradle.groovy.scripts.internal.DefaultScriptCompilationHandler$ScriptClassLoader: 10706B
Loader org.codehaus.groovy.runtime.callsite.CallSiteClassLoader                        : 6940B

